Removed Pin From Net: NetName=GND Pin=D8-2
Removed Pin From Net: NetName=GND_TRACT Pin=J5-1
Removed Pin From Net: NetName=IN_SPUERTAS Pin=J5-2
Removed Pin From Net: NetName=VCC_TRACT Pin=J6-3
Removed Pin From Net: NetName=SIR_A2 Pin=J6-4
Removed Pin From Net: NetName=GND_TRACT Pin=J7-2
Removed Pin From Net: NetName=GND_TRACT Pin=J8-1
Removed Pin From Net: NetName=IN_ON/OFF Pin=J8-2
Removed Member From Class: ClassName=Microcontrolador Member=D8
Removed Member From Class: ClassName=RTU_LMG_Block_Diagram Member=J5
Removed Member From Class: ClassName=RTU_LMG_Block_Diagram Member=J8
Change Component Footprint: Designator=J6 Old Footprint=OSTTC042162 New Footprint=OSTTC022162
Change Component Comment : Designator=J6 Old Comment=OSTTC042162 New Comment=OSTTC022162
Change component parameters: Designator = "J6" ("J6"); Footprint = "OSTTC042162"; UniqueID = "\APIRVHJQ" ("\APIRVHJQ")
Change component parameters (AddParameter): Name = "Arrow Part Number"; Value = "OSTTC022162"; VariantName = "[No Variations]"
Change component parameters (AddParameter): Name = "Arrow Price/Stock"; Value = "https://www.arrow.com/en/products/osttc022162/on-shore-technology?region=nac"; VariantName = "[No Variations]"
Change component parameters (AddParameter): Name = "Datasheet Link"; Value = "http://www.on-shore.com/wp-content/uploads/OSTTCXX2162.pdf"; VariantName = "[No Variations]"
Change component parameters (AddParameter): Name = "Height"; Value = "10.3mm"; VariantName = "[No Variations]"
Change component parameters (AddParameter): Name = "Manufacturer_Name"; Value = "On Shore Technology Inc."; VariantName = "[No Variations]"
Change component parameters (AddParameter): Name = "Manufacturer_Part_Number"; Value = "OSTTC022162"; VariantName = "[No Variations]"
Change component parameters (AddParameter): Name = "Mouser Part Number"; Value = ""; VariantName = "[No Variations]"
Change component parameters (AddParameter): Name = "Mouser Price/Stock"; Value = ""; VariantName = "[No Variations]"
Added Component: Designator=LED?(0805 SMD - LED)
Add component (AddParameter): Name = "Copyright"; Value = "Copyright (C) 2023 Ultra Librarian. All rights reserved."; VariantName = "[No Variations]"
Add component (AddParameter): Name = "Manufacturer_Part_Number"; Value = "LTST-C170GKT"; VariantName = "[No Variations]"
Add component (AddParameter): Name = "Mfr_Name"; Value = "Wolfspeed"; VariantName = "[No Variations]"
Add component (AddParameter): Name = "RefDes"; Value = "RefDes"; VariantName = "[No Variations]"
Add component (AddParameter): Name = "Type"; Value = "DEV"; VariantName = "[No Variations]"
Added Pin To Net: NetName=SIR_A2 Pin=J7-2
Added Pin To Net: NetName=GND Pin=LED?-K
Added Pin To Net: NetName=NetLED?_A Pin=LED?-A
Added Pin To Net: NetName=NetLED?_A Pin=R9-2
Added Net: Name=NetLED?_A
Added Member To Class: ClassName=Salidas Digitales Member=Component K4 APC-817B1-SL
Added Member To Class: ClassName=Microcontrolador Member=Component LED? LTST-C170GKT
