Removed Pin From Net: NetName=GND Pin=BT1-NEG
Removed Pin From Net: NetName=GND Pin=C4-2
Removed Pin From Net: NetName=GND Pin=C5-2
Removed Pin From Net: NetName=GND Pin=C17-1
Removed Pin From Net: NetName=3V3 Pin=C17-2
Removed Pin From Net: NetName=VOUT_BTY_CH Pin=C34-2
Removed Pin From Net: NetName=GND Pin=C36-1
Removed Pin From Net: NetName=GND Pin=C38-2
Removed Pin From Net: NetName=GND Pin=C39-1
Removed Pin From Net: NetName=VOUTOK Pin=C39-2
Removed Pin From Net: NetName=GND Pin=C45-1
Removed Pin From Net: NetName=GND Pin=C51-1
Removed Pin From Net: NetName=VBat Pin=C51-2
Removed Pin From Net: NetName=GND Pin=C61-1
Removed Pin From Net: NetName=GND Pin=C62-1
Removed Pin From Net: NetName=GND Pin=C63-1
Removed Pin From Net: NetName=GND Pin=C65-1
Removed Pin From Net: NetName=GND Pin=C66-1
Removed Pin From Net: NetName=GND Pin=C67-1
Removed Pin From Net: NetName=GND Pin=C68-2
Removed Pin From Net: NetName=GND Pin=C69-2
Removed Pin From Net: NetName=GND Pin=C70-1
Removed Pin From Net: NetName=VOUT_BTY_CH Pin=FB1-1
Removed Pin From Net: NetName=VBat Pin=IC1-2
Removed Pin From Net: NetName=GND Pin=IC9-2
Removed Pin From Net: NetName=VBat Pin=J7-01
Removed Pin From Net: NetName=3V3_ESP32 Pin=J13-2
Removed Pin From Net: NetName=VBat Pin=R33-1
Removed Pin From Net: NetName=GND Pin=R38-1
Removed Pin From Net: NetName=GND Pin=R39-1
Removed Pin From Net: NetName=GND Pin=U2-9
Removed Pin From Net: NetName=GND Pin=U2-10
Removed Pin From Net: NetName=GND Pin=U8-13
Removed Pin From Net: NetName=GND Pin=U8-20
Removed Pin From Net: NetName=GND Pin=U8-21
Removed Pin From Net: NetName=GND Pin=U8-22
Removed Pin From Net: NetName=GND Pin=U8-23
Removed Pin From Net: NetName=GND Pin=U8-24
Removed Pin From Net: NetName=GND Pin=U8-25
Removed Pin From Net: NetName=GND Pin=U8-26
Removed Pin From Net: NetName=GND Pin=U8-27
Removed Pin From Net: NetName=GND Pin=U8-28
Removed Pin From Net: NetName=GND Pin=U8-29
Removed Member From Class: ClassName=Modem Member=C17
Removed Member From Class: ClassName=Cargador de Baterias Member=C51
Removed Member From Class: ClassName=Modem Member=L2
Removed Member From Class: ClassName=Modem Member=R15
Change Component Footprint: Designator=BT1 Old Footprint=BAT_BS-3 New Footprint=BAT_1042
Change Component Footprint: Designator=U8 Old Footprint=IC_TPS61088RHLR New Footprint=FIL_B39162B9417K610
Change Component Comment : Designator=C34 Old Comment=1 µF New Comment=0.1 µF
Change Component Comment : Designator=C35 Old Comment=1 µF New Comment=22 µF
Change Component Comment : Designator=R15 Old Comment=10 Ohms New Comment=10 kOhms
Change Component Comment : Designator=C36 Old Comment=22 µF New Comment=0.1 µF
Change Component Comment : Designator=J7 Old Comment=68001-203HLF New Comment=OSTTC042162
Change Component Comment : Designator=BT1 Old Comment=BS-3 New Comment=1042
Change Component Comment : Designator=U8 Old Comment=TPS61088RHLR New Comment=B39162B8813P810
Change component parameters: Designator = "BT1" ("BT1"); Footprint = "BAT_BS-3"; UniqueID = "\ELIOFRDT" ("\ELIOFRDT")
Change component parameters (AddParameter): Name = "Availability"; Value = "Unavailable"; VariantName = "[No Variations]"
Change component parameters (AddParameter): Name = "MF"; Value = ""; VariantName = "[No Variations]"
Change component parameters (AddParameter): Name = "MP"; Value = "1042"; VariantName = "[No Variations]"
Change component parameters (AddParameter): Name = "Package"; Value = "None"; VariantName = "[No Variations]"
Change component parameters (AddParameter): Name = "Price"; Value = "None"; VariantName = "[No Variations]"
Change component parameters (AddParameter): Name = "Value"; Value = ""; VariantName = "[No Variations]"
Change component parameters: Designator = "U8" ("U8"); Footprint = "IC_TPS61088RHLR"; UniqueID = "\ZFXMHCCZ\JEIRYRNK\FFLMFHFL\XRZZMMOD" ("\ZFXMHCCZ\JEIRYRNK\FFLMFHFL\XRZZMMOD")
Change component parameters (AddParameter): Name = "Availability"; Value = "In Stock"; VariantName = "[No Variations]"
Change component parameters (AddParameter): Name = "Check_prices"; Value = "https://www.snapeda.com/parts/B39162B8813P810/RF+Digital/view-part/?ref=eda"; VariantName = "[No Variations]"
Change component parameters (AddParameter): Name = "MF"; Value = "RF 360"; VariantName = "[No Variations]"
Change component parameters (AddParameter): Name = "MP"; Value = "B39162B8813P810"; VariantName = "[No Variations]"
Change component parameters (AddParameter): Name = "Package"; Value = "SMD-5 RF 360"; VariantName = "[No Variations]"
Change component parameters (AddParameter): Name = "Price"; Value = "None"; VariantName = "[No Variations]"
Change component parameters (AddParameter): Name = "Purchase-URL"; Value = "https://pricing.snapeda.com/search/part/B39162B8813P810/?ref=eda"; VariantName = "[No Variations]"
Change component parameters (AddParameter): Name = "SnapEDA_Link"; Value = "https://www.snapeda.com/parts/B39162B8813P810/RF+Digital/view-part/?ref=snap"; VariantName = "[No Variations]"
Change component parameters (AddParameter): Name = "Value"; Value = ""; VariantName = "[No Variations]"
Change component parameters: Designator = "C39" ("C39"); Footprint = "CAP 0402_1005"; UniqueID = "\ZFXMHCCZ\IJYWJCRF\ISAWGPMH" ("\ZFXMHCCZ\IJYWJCRF\ISAWGPMH")
Change component parameters (AddParameter): Name = "Applications"; Value = "General Purpose"; VariantName = "[No Variations]"
Change component parameters (AddParameter): Name = "Capacitance"; Value = "0.1 µF"; VariantName = "[No Variations]"
Change component parameters (AddParameter): Name = "componentlink1description"; Value = "Datasheet"; VariantName = "[No Variations]"
Change component parameters (AddParameter): Name = "componentlink1url"; Value = "https://search.murata.co.jp/Ceramy/image/img/A01X/G101/ENG/GRM155R71H104KE14-01.pdf"; VariantName = "[No Variations]"
Change component parameters (AddParameter): Name = "componentlink2description"; Value = "DigiKey Link"; VariantName = "[No Variations]"
Change component parameters (AddParameter): Name = "componentlink2url"; Value = "https://www.digikey.com/en/products/detail/murata-electronics/GRM155R71H104KE14D/4906220"; VariantName = "[No Variations]"
Change component parameters (AddParameter): Name = "Device Package"; Value = "0402 (1005 Metric)"; VariantName = "[No Variations]"
Change component parameters (AddParameter): Name = "lastupdated"; Value = "8/27/2024 12:42:53 PM"; VariantName = "[No Variations]"
Change component parameters (AddParameter): Name = "Lifecycle Status"; Value = "Active"; VariantName = "[No Variations]"
Change component parameters (AddParameter): Name = "manufacturer"; Value = "Murata Electronics"; VariantName = "[No Variations]"
Change component parameters (AddParameter): Name = "Minimum Order"; Value = "1"; VariantName = "[No Variations]"
Change component parameters (AddParameter): Name = "Mounting Type"; Value = "Surface Mount, MLCC"; VariantName = "[No Variations]"
Change component parameters (AddParameter): Name = "Operating Temperature"; Value = "-55°C ~ 125°C"; VariantName = "[No Variations]"
Change component parameters (AddParameter): Name = "Package / Case"; Value = "0402 (1005 Metric)"; VariantName = "[No Variations]"
Change component parameters (AddParameter): Name = "packaging"; Value = "TapeAndReel"; VariantName = "[No Variations]"
Change component parameters (AddParameter): Name = "Part Number"; Value = "GRM155R71H104KE14D"; VariantName = "[No Variations]"
Change component parameters (AddParameter): Name = "Part Status"; Value = "Active"; VariantName = "[No Variations]"
Change component parameters (AddParameter): Name = "partid"; Value = "12677"; VariantName = "[No Variations]"
Change component parameters (AddParameter): Name = "price"; Value = "0.01"; VariantName = "[No Variations]"
Change component parameters (AddParameter): Name = "series"; Value = "GRM"; VariantName = "[No Variations]"
Change component parameters (AddParameter): Name = "Size / Dimension"; Value = "0.039" L x 0.020" W (1.00mm x 0.50mm)"; VariantName = "[No Variations]"
Change component parameters (AddParameter): Name = "Supplier 1"; Value = "DigiKey"; VariantName = "[No Variations]"
Change component parameters (AddParameter): Name = "Supplier Part Number 1"; Value = "490-10700-1-ND"; VariantName = "[No Variations]"
Change component parameters (AddParameter): Name = "Temperature Coefficient"; Value = "X7R"; VariantName = "[No Variations]"
Change component parameters (AddParameter): Name = "Thickness (Max)"; Value = "0.022" (0.55mm)"; VariantName = "[No Variations]"
Change component parameters (AddParameter): Name = "Tolerance"; Value = "±10%"; VariantName = "[No Variations]"
Change component parameters (AddParameter): Name = "Value"; Value = "0.1 µF"; VariantName = "[No Variations]"
Change component parameters (AddParameter): Name = "Voltage - Rated"; Value = "50V"; VariantName = "[No Variations]"
Change component parameters: Designator = "C35" ("C35"); Footprint = "MURATA GRM21B 0805_2012"; UniqueID = "\VOJOHUMQ\KWAFELCC" ("\VOJOHUMQ\KWAFELCC")
Change component parameters (AddParameter): Name = "Applications"; Value = "General Purpose"; VariantName = "[No Variations]"
Change component parameters (AddParameter): Name = "Capacitance"; Value = "22 µF"; VariantName = "[No Variations]"
Change component parameters (AddParameter): Name = "componentlink1description"; Value = "Datasheet"; VariantName = "[No Variations]"
Change component parameters (AddParameter): Name = "componentlink1url"; Value = "http://www.samsungsem.com/kr/support/product-search/mlcc/CL21A226MOCLRNC.jsp"; VariantName = "[No Variations]"
Change component parameters (AddParameter): Name = "componentlink2description"; Value = "DigiKey Link"; VariantName = "[No Variations]"
Change component parameters (AddParameter): Name = "componentlink2url"; Value = "https://www.digikey.com/en/products/detail/samsung-electro-mechanics/CL21A226MOCLRNC/5961264"; VariantName = "[No Variations]"
Change component parameters (AddParameter): Name = "Device Package"; Value = "0805 (2012 Metric)"; VariantName = "[No Variations]"
Change component parameters (AddParameter): Name = "Features"; Value = "Low Profile"; VariantName = "[No Variations]"
Change component parameters (AddParameter): Name = "lastupdated"; Value = "10/30/2023 7:14:19 PM"; VariantName = "[No Variations]"
Change component parameters (AddParameter): Name = "Lifecycle Status"; Value = "Active"; VariantName = "[No Variations]"
Change component parameters (AddParameter): Name = "manufacturer"; Value = "Samsung Electro-Mechanics"; VariantName = "[No Variations]"
Change component parameters (AddParameter): Name = "Minimum Order"; Value = "1"; VariantName = "[No Variations]"
Change component parameters (AddParameter): Name = "Mounting Type"; Value = "Surface Mount, MLCC"; VariantName = "[No Variations]"
Change component parameters (AddParameter): Name = "Operating Temperature"; Value = "-55°C ~ 85°C"; VariantName = "[No Variations]"
Change component parameters (AddParameter): Name = "Package / Case"; Value = "0805 (2012 Metric)"; VariantName = "[No Variations]"
Change component parameters (AddParameter): Name = "packaging"; Value = "TapeAndReel"; VariantName = "[No Variations]"
Change component parameters (AddParameter): Name = "Part Number"; Value = "CL21A226MOCLRNC"; VariantName = "[No Variations]"
Change component parameters (AddParameter): Name = "Part Status"; Value = "Active"; VariantName = "[No Variations]"
Change component parameters (AddParameter): Name = "partid"; Value = "4767"; VariantName = "[No Variations]"
Change component parameters (AddParameter): Name = "price"; Value = "0.05"; VariantName = "[No Variations]"
Change component parameters (AddParameter): Name = "series"; Value = "CL"; VariantName = "[No Variations]"
Change component parameters (AddParameter): Name = "Size / Dimension"; Value = "0.079" L x 0.049" W (2.00mm x 1.25mm)"; VariantName = "[No Variations]"
Change component parameters (AddParameter): Name = "Supplier 1"; Value = "DigiKey"; VariantName = "[No Variations]"
Change component parameters (AddParameter): Name = "Supplier Part Number 1"; Value = "1276-6780-1-ND"; VariantName = "[No Variations]"
Change component parameters (AddParameter): Name = "Temperature Coefficient"; Value = "X5R"; VariantName = "[No Variations]"
Change component parameters (AddParameter): Name = "Thickness (Max)"; Value = "0.037" (0.95mm)"; VariantName = "[No Variations]"
Change component parameters (AddParameter): Name = "Tolerance"; Value = "±20%"; VariantName = "[No Variations]"
Change component parameters (AddParameter): Name = "Value"; Value = "22 µF"; VariantName = "[No Variations]"
Change component parameters (AddParameter): Name = "Voltage - Rated"; Value = "16V"; VariantName = "[No Variations]"
Change component parameters: Designator = "R15" ("R15"); Footprint = "RES 0402_1005"; UniqueID = "\CKOKHQIF\JCVFTYKM" ("\CKOKHQIF\JCVFTYKM")
Change component parameters (AddParameter): Name = "ComponentLink1Description"; Value = "Datasheet"; VariantName = "[No Variations]"
Change component parameters (AddParameter): Name = "ComponentLink1URL"; Value = "https://www.yageo.com/upload/media/product/productsearch/datasheet/rchip/PYu-RC_Group_51_RoHS_L_10.pdf"; VariantName = "[No Variations]"
Change component parameters (AddParameter): Name = "ComponentLink2Description"; Value = "DigiKey Link"; VariantName = "[No Variations]"
Change component parameters (AddParameter): Name = "ComponentLink2URL"; Value = "https://www.digikey.com/en/products/detail/yageo/RC0603FR-0710KL/726880"; VariantName = "[No Variations]"
Change component parameters (AddParameter): Name = "Composition"; Value = "Thick Film"; VariantName = "[No Variations]"
Change component parameters (AddParameter): Name = "Device Package"; Value = "0603 (1608 Metric)"; VariantName = "[No Variations]"
Change component parameters (AddParameter): Name = "Features"; Value = "Moisture Resistant"; VariantName = "[No Variations]"
Change component parameters (AddParameter): Name = "Height - Seated (Max)"; Value = "0.022" (0.55mm)"; VariantName = "[No Variations]"
Change component parameters (AddParameter): Name = "LastUpdated"; Value = "10/30/2023 7:36:43 PM"; VariantName = "[No Variations]"
Change component parameters (AddParameter): Name = "Lifecycle Status"; Value = "Active"; VariantName = "[No Variations]"
Change component parameters (AddParameter): Name = "Manufacturer"; Value = "Yageo"; VariantName = "[No Variations]"
Change component parameters (AddParameter): Name = "Minimum Order"; Value = "1"; VariantName = "[No Variations]"
Change component parameters (AddParameter): Name = "Number of Terminations"; Value = "2"; VariantName = "[No Variations]"
Change component parameters (AddParameter): Name = "Operating Temperature"; Value = "-55°C ~ 155°C"; VariantName = "[No Variations]"
Change component parameters (AddParameter): Name = "Package / Case"; Value = "0603 (1608 Metric)"; VariantName = "[No Variations]"
Change component parameters (AddParameter): Name = "Packaging"; Value = "CutTape"; VariantName = "[No Variations]"
Change component parameters (AddParameter): Name = "Part Number"; Value = "RC0603FR-0710KL"; VariantName = "[No Variations]"
Change component parameters (AddParameter): Name = "Part Status"; Value = "Active"; VariantName = "[No Variations]"
Change component parameters (AddParameter): Name = "PartId"; Value = "22599"; VariantName = "[No Variations]"
Change component parameters (AddParameter): Name = "Power (Watts)"; Value = "0.1W, 1/10W"; VariantName = "[No Variations]"
Change component parameters (AddParameter): Name = "Price"; Value = "0.01"; VariantName = "[No Variations]"
Change component parameters (AddParameter): Name = "Resistance"; Value = "10 kOhms"; VariantName = "[No Variations]"
Change component parameters (AddParameter): Name = "Series"; Value = "RC_L"; VariantName = "[No Variations]"
Change component parameters (AddParameter): Name = "Size / Dimension"; Value = "0.063" L x 0.031" W (1.60mm x 0.80mm)"; VariantName = "[No Variations]"
Change component parameters (AddParameter): Name = "Supplier 1"; Value = "DigiKey"; VariantName = "[No Variations]"
Change component parameters (AddParameter): Name = "Supplier Device Package"; Value = "0603"; VariantName = "[No Variations]"
Change component parameters (AddParameter): Name = "Supplier Part Number 1"; Value = "311-10.0KHRCT-ND"; VariantName = "[No Variations]"
Change component parameters (AddParameter): Name = "Temperature Coefficient"; Value = "±100ppm/°C"; VariantName = "[No Variations]"
Change component parameters (AddParameter): Name = "Tolerance"; Value = "±1%"; VariantName = "[No Variations]"
Change component parameters (AddParameter): Name = "Value"; Value = "10 kOhms"; VariantName = "[No Variations]"
Change component parameters: Designator = "C36" ("C36"); Footprint = "CAP 0603_1608"; UniqueID = "\VOJOHUMQ\DLQJKYKH" ("\VOJOHUMQ\DLQJKYKH")
Change component parameters (AddParameter): Name = "Applications"; Value = "Automotive"; VariantName = "[No Variations]"
Change component parameters (AddParameter): Name = "Capacitance"; Value = "0.1 µF"; VariantName = "[No Variations]"
Change component parameters (AddParameter): Name = "componentlink1description"; Value = "Datasheet"; VariantName = "[No Variations]"
Change component parameters (AddParameter): Name = "componentlink1url"; Value = "https://product.tdk.com/info/en/catalog/datasheets/mlcc_automotive_general_en.pdf?ref_disty=digikey"; VariantName = "[No Variations]"
Change component parameters (AddParameter): Name = "componentlink2description"; Value = "DigiKey Link"; VariantName = "[No Variations]"
Change component parameters (AddParameter): Name = "componentlink2url"; Value = "https://www.digikey.com/en/products/detail/tdk-corporation/CGA2B3X5R1H104M050BB/3949450"; VariantName = "[No Variations]"
Change component parameters (AddParameter): Name = "Device Package"; Value = "0402 (1005 Metric)"; VariantName = "[No Variations]"
Change component parameters (AddParameter): Name = "lastupdated"; Value = "9/2/2024 20:04:38"; VariantName = "[No Variations]"
Change component parameters (AddParameter): Name = "Lifecycle Status"; Value = "Active"; VariantName = "[No Variations]"
Change component parameters (AddParameter): Name = "manufacturer"; Value = "TDK Corporation"; VariantName = "[No Variations]"
Change component parameters (AddParameter): Name = "Minimum Order"; Value = "1"; VariantName = "[No Variations]"
Change component parameters (AddParameter): Name = "Mounting Type"; Value = "Surface Mount, MLCC"; VariantName = "[No Variations]"
Change component parameters (AddParameter): Name = "Operating Temperature"; Value = "-55°C ~ 85°C"; VariantName = "[No Variations]"
Change component parameters (AddParameter): Name = "Package / Case"; Value = "0402 (1005 Metric)"; VariantName = "[No Variations]"
Change component parameters (AddParameter): Name = "packaging"; Value = "TapeAndReel"; VariantName = "[No Variations]"
Change component parameters (AddParameter): Name = "Part Number"; Value = "CGA2B3X5R1H104M050BB"; VariantName = "[No Variations]"
Change component parameters (AddParameter): Name = "Part Status"; Value = "Active"; VariantName = "[No Variations]"
Change component parameters (AddParameter): Name = "partid"; Value = "1792"; VariantName = "[No Variations]"
Change component parameters (AddParameter): Name = "price"; Value = "0.01"; VariantName = "[No Variations]"
Change component parameters (AddParameter): Name = "Ratings"; Value = "AEC-Q200"; VariantName = "[No Variations]"
Change component parameters (AddParameter): Name = "series"; Value = "CGA"; VariantName = "[No Variations]"
Change component parameters (AddParameter): Name = "Size / Dimension"; Value = "0.039" L x 0.020" W (1.00mm x 0.50mm)"; VariantName = "[No Variations]"
Change component parameters (AddParameter): Name = "Supplier 1"; Value = "DigiKey"; VariantName = "[No Variations]"
Change component parameters (AddParameter): Name = "Supplier Part Number 1"; Value = "445-12214-1-ND"; VariantName = "[No Variations]"
Change component parameters (AddParameter): Name = "Temperature Coefficient"; Value = "X5R"; VariantName = "[No Variations]"
Change component parameters (AddParameter): Name = "Thickness (Max)"; Value = "0.022" (0.55mm)"; VariantName = "[No Variations]"
Change component parameters (AddParameter): Name = "Tolerance"; Value = "±20%"; VariantName = "[No Variations]"
Change component parameters (AddParameter): Name = "value"; Value = "0.1 µF"; VariantName = "[No Variations]"
Change component parameters (AddParameter): Name = "Voltage - Rated"; Value = "50V"; VariantName = "[No Variations]"
Change component parameters: Designator = "J7" ("J7"); Footprint = "AMPHENOL_68001-203HLF"; UniqueID = "\AMHKOKXB" ("\AMHKOKXB")
Change component parameters (AddParameter): Name = "Arrow Part Number"; Value = "OSTTC042162"; VariantName = "[No Variations]"
Change component parameters (AddParameter): Name = "Arrow Price/Stock"; Value = "https://www.arrow.com/en/products/osttc042162/on-shore-technology"; VariantName = "[No Variations]"
Change component parameters (AddParameter): Name = "Datasheet Link"; Value = "http://www.on-shore.com/wp-content/uploads/OSTTCXX2162.pdf"; VariantName = "[No Variations]"
Change component parameters (AddParameter): Name = "Height"; Value = "10mm"; VariantName = "[No Variations]"
Change component parameters (AddParameter): Name = "Manufacturer_Name"; Value = "On Shore Technology Inc."; VariantName = "[No Variations]"
Change component parameters (AddParameter): Name = "Manufacturer_Part_Number"; Value = "OSTTC042162"; VariantName = "[No Variations]"
Change component parameters (AddParameter): Name = "Mouser Part Number"; Value = ""; VariantName = "[No Variations]"
Change component parameters (AddParameter): Name = "Mouser Price/Stock"; Value = ""; VariantName = "[No Variations]"
Change component parameters: Designator = "C34" ("C34"); Footprint = "MURATA GRM21B 0805_2012"; UniqueID = "\KZRJYXRR\PSXXIRQK" ("\KZRJYXRR\PSXXIRQK")
Change component parameters (AddParameter): Name = "Applications"; Value = "Automotive"; VariantName = "[No Variations]"
Change component parameters (AddParameter): Name = "Capacitance"; Value = "0.1 µF"; VariantName = "[No Variations]"
Change component parameters (AddParameter): Name = "componentlink1description"; Value = "Datasheet"; VariantName = "[No Variations]"
Change component parameters (AddParameter): Name = "componentlink1url"; Value = "https://product.tdk.com/info/en/catalog/datasheets/mlcc_automotive_general_en.pdf?ref_disty=digikey"; VariantName = "[No Variations]"
Change component parameters (AddParameter): Name = "componentlink2description"; Value = "DigiKey Link"; VariantName = "[No Variations]"
Change component parameters (AddParameter): Name = "componentlink2url"; Value = "https://www.digikey.com/en/products/detail/tdk-corporation/CGA2B3X5R1H104M050BB/3949450"; VariantName = "[No Variations]"
Change component parameters (AddParameter): Name = "Device Package"; Value = "0402 (1005 Metric)"; VariantName = "[No Variations]"
Change component parameters (AddParameter): Name = "lastupdated"; Value = "9/2/2024 20:04:38"; VariantName = "[No Variations]"
Change component parameters (AddParameter): Name = "Lifecycle Status"; Value = "Active"; VariantName = "[No Variations]"
Change component parameters (AddParameter): Name = "manufacturer"; Value = "TDK Corporation"; VariantName = "[No Variations]"
Change component parameters (AddParameter): Name = "Minimum Order"; Value = "1"; VariantName = "[No Variations]"
Change component parameters (AddParameter): Name = "Mounting Type"; Value = "Surface Mount, MLCC"; VariantName = "[No Variations]"
Change component parameters (AddParameter): Name = "Operating Temperature"; Value = "-55°C ~ 85°C"; VariantName = "[No Variations]"
Change component parameters (AddParameter): Name = "Package / Case"; Value = "0402 (1005 Metric)"; VariantName = "[No Variations]"
Change component parameters (AddParameter): Name = "packaging"; Value = "TapeAndReel"; VariantName = "[No Variations]"
Change component parameters (AddParameter): Name = "Part Number"; Value = "CGA2B3X5R1H104M050BB"; VariantName = "[No Variations]"
Change component parameters (AddParameter): Name = "Part Status"; Value = "Active"; VariantName = "[No Variations]"
Change component parameters (AddParameter): Name = "partid"; Value = "1792"; VariantName = "[No Variations]"
Change component parameters (AddParameter): Name = "price"; Value = "0.01"; VariantName = "[No Variations]"
Change component parameters (AddParameter): Name = "Ratings"; Value = "AEC-Q200"; VariantName = "[No Variations]"
Change component parameters (AddParameter): Name = "series"; Value = "CGA"; VariantName = "[No Variations]"
Change component parameters (AddParameter): Name = "Size / Dimension"; Value = "0.039" L x 0.020" W (1.00mm x 0.50mm)"; VariantName = "[No Variations]"
Change component parameters (AddParameter): Name = "Supplier 1"; Value = "DigiKey"; VariantName = "[No Variations]"
Change component parameters (AddParameter): Name = "Supplier Part Number 1"; Value = "445-12214-1-ND"; VariantName = "[No Variations]"
Change component parameters (AddParameter): Name = "Temperature Coefficient"; Value = "X5R"; VariantName = "[No Variations]"
Change component parameters (AddParameter): Name = "Thickness (Max)"; Value = "0.022" (0.55mm)"; VariantName = "[No Variations]"
Change component parameters (AddParameter): Name = "Tolerance"; Value = "±20%"; VariantName = "[No Variations]"
Change component parameters (AddParameter): Name = "value"; Value = "0.1 µF"; VariantName = "[No Variations]"
Change component parameters (AddParameter): Name = "Voltage - Rated"; Value = "50V"; VariantName = "[No Variations]"
Added Component: Designator=B4(SOIC127P600X175-8N)
Add component (AddParameter): Name = "Datasheet Link"; Value = "https://www.onsemi.com/pub/Collateral/FDS6679AZ-D.PDF"; VariantName = "[No Variations]"
Add component (AddParameter): Name = "Geometry.Height"; Value = "1.75mm"; VariantName = "[No Variations]"
Add component (AddParameter): Name = "Manufacturer_Name"; Value = "onsemi"; VariantName = "[No Variations]"
Add component (AddParameter): Name = "Manufacturer_Part_Number"; Value = "FDS6679AZ"; VariantName = "[No Variations]"
Add component (AddParameter): Name = "Mouser Part Number"; Value = "512-FDS6679AZ"; VariantName = "[No Variations]"
Add component (AddParameter): Name = "Mouser Price/Stock"; Value = "https://www.mouser.co.uk/ProductDetail/onsemi-Fairchild/FDS6679AZ?qs=vnwGVgFuQiZlXnM8io%2FtYg%3D%3D"; VariantName = "[No Variations]"
Added Component: Designator=D8(WL-TMRC_5MM)
Add component (AddParameter): Name = "Availability"; Value = "Unavailable"; VariantName = "[No Variations]"
Add component (AddParameter): Name = "MF"; Value = "{'manufacturer': u'W\xfcrth Elektronik'}"; VariantName = "[No Variations]"
Add component (AddParameter): Name = "MP"; Value = "151051VS04000"; VariantName = "[No Variations]"
Add component (AddParameter): Name = "Package"; Value = "None"; VariantName = "[No Variations]"
Add component (AddParameter): Name = "Price"; Value = "None"; VariantName = "[No Variations]"
Add component (AddParameter): Name = "Value"; Value = ""; VariantName = "[No Variations]"
Added Component: Designator=IC2(RAK3172-9-SM-I)
Add component (AddParameter): Name = "Availability"; Value = "Not in stock"; VariantName = "[No Variations]"
Add component (AddParameter): Name = "Check_prices"; Value = "https://www.snapeda.com/parts/RAK3172/Shenzhen+RAKwireless+Technology+Co.%252CLtd./view-part/?ref=eda"; VariantName = "[No Variations]"
Add component (AddParameter): Name = "MF"; Value = "Shenzhen RAKwireless Technology Co.,Ltd."; VariantName = "[No Variations]"
Add component (AddParameter): Name = "MP"; Value = "RAK3172-9-SM-I"; VariantName = "[No Variations]"
Add component (AddParameter): Name = "Package"; Value = "Package"; VariantName = "[No Variations]"
Add component (AddParameter): Name = "Price"; Value = "None"; VariantName = "[No Variations]"
Add component (AddParameter): Name = "SnapEDA_Link"; Value = "https://www.snapeda.com/parts/RAK3172/Shenzhen+RAKwireless+Technology+Co.%252CLtd./view-part/?ref=snap"; VariantName = "[No Variations]"
Add component (AddParameter): Name = "Value"; Value = ""; VariantName = "[No Variations]"
Added Component: Designator=J4(AMPHENOL_68001-203HLF)
Add component (AddParameter): Name = "Availability"; Value = "In Stock"; VariantName = "[No Variations]"
Add component (AddParameter): Name = "Check_prices"; Value = "https://www.snapeda.com/parts/68001-203HLF/Amphenol+FCI/view-part/?ref=eda"; VariantName = "[No Variations]"
Add component (AddParameter): Name = "ComponentLink1Description"; Value = "New link"; VariantName = "[No Variations]"
Add component (AddParameter): Name = "ComponentLink1URL"; Value = "https://www.digikey.com/es/products/detail/amphenol-cs-fci/68001-203HLF/2023312"; VariantName = "[No Variations]"
Add component (AddParameter): Name = "MF"; Value = "Amphenol ICC"; VariantName = "[No Variations]"
Add component (AddParameter): Name = "MP"; Value = "68001-203HLF"; VariantName = "[No Variations]"
Add component (AddParameter): Name = "Package"; Value = "None"; VariantName = "[No Variations]"
Add component (AddParameter): Name = "Price"; Value = "None"; VariantName = "[No Variations]"
Add component (AddParameter): Name = "Purchase-URL"; Value = "https://pricing.snapeda.com/search?q=68001-203HLF&ref=eda"; VariantName = "[No Variations]"
Add component (AddParameter): Name = "SnapEDA_Link"; Value = "https://www.snapeda.com/parts/68001-203HLF/Amphenol+FCI/view-part/?ref=snap"; VariantName = "[No Variations]"
Add component (AddParameter): Name = "Value"; Value = ""; VariantName = "[No Variations]"
Added Component: Designator=K1(APC-817xx-SL_AMB)
Add component (AddParameter): Name = "Copyright"; Value = "Copyright (C) 2025 Ultra Librarian. All rights reserved."; VariantName = "[No Variations]"
Add component (AddParameter): Name = "Manufacturer_Name"; Value = "American Bright"; VariantName = "[No Variations]"
Add component (AddParameter): Name = "Manufacturer_Part_Number"; Value = "APC-817B1-SL"; VariantName = "[No Variations]"
Add component (AddParameter): Name = "RefDes"; Value = "RefDes"; VariantName = "[No Variations]"
Add component (AddParameter): Name = "Type"; Value = "Optoisolators"; VariantName = "[No Variations]"
Added Component: Designator=K2(APC-817xx-SL_AMB)
Add component (AddParameter): Name = "Copyright"; Value = "Copyright (C) 2025 Ultra Librarian. All rights reserved."; VariantName = "[No Variations]"
Add component (AddParameter): Name = "Manufacturer_Name"; Value = "American Bright"; VariantName = "[No Variations]"
Add component (AddParameter): Name = "Manufacturer_Part_Number"; Value = "APC-817B1-SL"; VariantName = "[No Variations]"
Add component (AddParameter): Name = "RefDes"; Value = "RefDes"; VariantName = "[No Variations]"
Add component (AddParameter): Name = "Type"; Value = "Optoisolators"; VariantName = "[No Variations]"
Added Component: Designator=K3(APC-817xx-SL_AMB)
Add component (AddParameter): Name = "Copyright"; Value = "Copyright (C) 2025 Ultra Librarian. All rights reserved."; VariantName = "[No Variations]"
Add component (AddParameter): Name = "Manufacturer_Name"; Value = "American Bright"; VariantName = "[No Variations]"
Add component (AddParameter): Name = "Manufacturer_Part_Number"; Value = "APC-817B1-SL"; VariantName = "[No Variations]"
Add component (AddParameter): Name = "RefDes"; Value = "RefDes"; VariantName = "[No Variations]"
Add component (AddParameter): Name = "Type"; Value = "Optoisolators"; VariantName = "[No Variations]"
Added Component: Designator=K4(APC-817xx-SL_AMB)
Add component (AddParameter): Name = "Copyright"; Value = "Copyright (C) 2025 Ultra Librarian. All rights reserved."; VariantName = "[No Variations]"
Add component (AddParameter): Name = "Manufacturer_Name"; Value = "American Bright"; VariantName = "[No Variations]"
Add component (AddParameter): Name = "Manufacturer_Part_Number"; Value = "APC-817B1-SL"; VariantName = "[No Variations]"
Add component (AddParameter): Name = "RefDes"; Value = "RefDes"; VariantName = "[No Variations]"
Add component (AddParameter): Name = "Type"; Value = "Optoisolators"; VariantName = "[No Variations]"
Added Component: Designator=Q2(NMOSGSD_D2PAK_IRL540NSTRLPBF_INF)
Add component (AddParameter): Name = "Copyright"; Value = "Copyright (C) 2025 Ultra Librarian. All rights reserved."; VariantName = "[No Variations]"
Add component (AddParameter): Name = "Manufacturer_Name"; Value = "Infineon"; VariantName = "[No Variations]"
Add component (AddParameter): Name = "Manufacturer_Part_Number"; Value = "IRL540NSTRLPBF"; VariantName = "[No Variations]"
Add component (AddParameter): Name = "RefDes"; Value = ""; VariantName = "[No Variations]"
Add component (AddParameter): Name = "Type"; Value = ""; VariantName = "[No Variations]"
Added Component: Designator=Q3(NMOSGSD_D2PAK_IRL540NSTRLPBF_INF)
Add component (AddParameter): Name = "Copyright"; Value = "Copyright (C) 2025 Ultra Librarian. All rights reserved."; VariantName = "[No Variations]"
Add component (AddParameter): Name = "Manufacturer_Name"; Value = "Infineon"; VariantName = "[No Variations]"
Add component (AddParameter): Name = "Manufacturer_Part_Number"; Value = "IRL540NSTRLPBF"; VariantName = "[No Variations]"
Add component (AddParameter): Name = "RefDes"; Value = ""; VariantName = "[No Variations]"
Add component (AddParameter): Name = "Type"; Value = ""; VariantName = "[No Variations]"
Added Component: Designator=S2(SW_219-2MSTR)
Add component (AddParameter): Name = "Check_prices"; Value = "https://www.snapeda.com/parts/219-2MSTR/CTS+Components/view-part/?ref=eda"; VariantName = "[No Variations]"
Add component (AddParameter): Name = "MF"; Value = "CTS Electrocomponents"; VariantName = "[No Variations]"
Add component (AddParameter): Name = "MP"; Value = "219-2MSTR"; VariantName = "[No Variations]"
Add component (AddParameter): Name = "Package"; Value = "None"; VariantName = "[No Variations]"
Add component (AddParameter): Name = "SnapEDA_Link"; Value = "https://www.snapeda.com/parts/219-2MSTR/CTS+Components/view-part/?ref=snap"; VariantName = "[No Variations]"
Add component (AddParameter): Name = "Value"; Value = ""; VariantName = "[No Variations]"
Added Component: Designator=TP_LRX1(RCWCTE)
Add component (AddParameter): Name = "Check_prices"; Value = "https://www.snapeda.com/parts/RCWCTE/KOA+Speer/view-part/?ref=eda"; VariantName = "[No Variations]"
Add component (AddParameter): Name = "Digi-Key_Part_Number"; Value = "2019-RCWCTETR-ND"; VariantName = "[No Variations]"
Add component (AddParameter): Name = "MF"; Value = "KOA Speer"; VariantName = "[No Variations]"
Add component (AddParameter): Name = "MP"; Value = "RCWCTE"; VariantName = "[No Variations]"
Add component (AddParameter): Name = "Package"; Value = "None"; VariantName = "[No Variations]"
Add component (AddParameter): Name = "Purchase-URL"; Value = "https://pricing.snapeda.com/search/part/RCWCTE/?ref=eda"; VariantName = "[No Variations]"
Add component (AddParameter): Name = "SnapEDA_Link"; Value = "https://www.snapeda.com/parts/RCWCTE/KOA+Speer/view-part/?ref=snap"; VariantName = "[No Variations]"
Add component (AddParameter): Name = "Value"; Value = ""; VariantName = "[No Variations]"
Added Component: Designator=TP_LTX1(RCWCTE)
Add component (AddParameter): Name = "Check_prices"; Value = "https://www.snapeda.com/parts/RCWCTE/KOA+Speer/view-part/?ref=eda"; VariantName = "[No Variations]"
Add component (AddParameter): Name = "Digi-Key_Part_Number"; Value = "2019-RCWCTETR-ND"; VariantName = "[No Variations]"
Add component (AddParameter): Name = "MF"; Value = "KOA Speer"; VariantName = "[No Variations]"
Add component (AddParameter): Name = "MP"; Value = "RCWCTE"; VariantName = "[No Variations]"
Add component (AddParameter): Name = "Package"; Value = "None"; VariantName = "[No Variations]"
Add component (AddParameter): Name = "Purchase-URL"; Value = "https://pricing.snapeda.com/search/part/RCWCTE/?ref=eda"; VariantName = "[No Variations]"
Add component (AddParameter): Name = "SnapEDA_Link"; Value = "https://www.snapeda.com/parts/RCWCTE/KOA+Speer/view-part/?ref=snap"; VariantName = "[No Variations]"
Add component (AddParameter): Name = "Value"; Value = ""; VariantName = "[No Variations]"
Added Component: Designator=U5(SO8_SOT96-1_NXP)
Add component (AddParameter): Name = "Copyright"; Value = "Copyright (C) 2025 Ultra Librarian. All rights reserved."; VariantName = "[No Variations]"
Add component (AddParameter): Name = "Manufacturer_Name"; Value = "NXP"; VariantName = "[No Variations]"
Add component (AddParameter): Name = "Manufacturer_Part_Number"; Value = "TJA1051T/3/1J"; VariantName = "[No Variations]"
Add component (AddParameter): Name = "RefDes"; Value = "RefDes"; VariantName = "[No Variations]"
Add component (AddParameter): Name = "Type"; Value = "Type"; VariantName = "[No Variations]"
Added Component: Designator=U6(SON50P150X100X80-6N)
Add component (AddParameter): Name = "Check_prices"; Value = "https://www.snapeda.com/parts/MAX2659ELT+T/Analog+Devices/view-part/?ref=eda"; VariantName = "[No Variations]"
Add component (AddParameter): Name = "MF"; Value = "Analog Devices"; VariantName = "[No Variations]"
Add component (AddParameter): Name = "MP"; Value = "MAX2659ELT+T"; VariantName = "[No Variations]"
Add component (AddParameter): Name = "Package"; Value = "MICRO DFN-6 Maxim"; VariantName = "[No Variations]"
Add component (AddParameter): Name = "SnapEDA_Link"; Value = "https://www.snapeda.com/parts/MAX2659ELT+T/Analog+Devices/view-part/?ref=snap"; VariantName = "[No Variations]"
Add component (AddParameter): Name = "Value"; Value = ""; VariantName = "[No Variations]"
Added Pin To Net: NetName=3V3_ESP32 Pin=B4-1
Added Pin To Net: NetName=3V3_ESP32 Pin=B4-2
Added Pin To Net: NetName=3V3_ESP32 Pin=B4-3
Added Pin To Net: NetName=GND Pin=BT1-N
Added Pin To Net: NetName=VBat Pin=BT1-P
Added Pin To Net: NetName=3V3 Pin=C1-1
Added Pin To Net: NetName=3V3 Pin=C2-1
Added Pin To Net: NetName=VOUT_BTY_CH Pin=C6-1
Added Pin To Net: NetName=VOUT_BTY_CH Pin=C8-1
Added Pin To Net: NetName=VOUTOK Pin=C34-2
Added Pin To Net: NetName=VOUT_BTY_CH Pin=C35-2
Added Pin To Net: NetName=VOUT_BTY_CH Pin=C36-1
Added Pin To Net: NetName=3V3 Pin=C36-2
Added Pin To Net: NetName=3V3 Pin=C39-1
Added Pin To Net: NetName=GND Pin=C39-2
Added Pin To Net: NetName=NetD8_1 Pin=D8-1
Added Pin To Net: NetName=GND Pin=D8-2
Added Pin To Net: NetName=GND Pin=IC2-11
Added Pin To Net: NetName=GND Pin=IC2-17
Added Pin To Net: NetName=GND Pin=IC2-18
Added Pin To Net: NetName=GND Pin=IC2-23
Added Pin To Net: NetName=3V3 Pin=IC2-24
Added Pin To Net: NetName=GND Pin=IC2-28
Added Pin To Net: NetName=VOUT_BTY_CH Pin=IC3-3
Added Pin To Net: NetName=3V3 Pin=IC8-1
Added Pin To Net: NetName=3V3 Pin=IC8-8
Added Pin To Net: NetName=3V3 Pin=IC8-10
Added Pin To Net: NetName=VBat Pin=J4-01
Added Pin To Net: NetName=GND Pin=K1-3
Added Pin To Net: NetName=GND Pin=K2-3
Added Pin To Net: NetName=GND Pin=K3-2
Added Pin To Net: NetName=GND Pin=K4-2
Added Pin To Net: NetName=VIN_BTY_CH Pin=R2-2
Added Pin To Net: NetName=VOUT_BTY_CH Pin=U1-3
Added Pin To Net: NetName=GND Pin=U5-2
Added Pin To Net: NetName=VOUT_BTY_CH Pin=U5-3
Added Pin To Net: NetName=3V3 Pin=U5-5
Added Pin To Net: NetName=GND Pin=U5-8
Added Pin To Net: NetName=GND Pin=U6-1
Added Pin To Net: NetName=GND Pin=U6-2
Added Pin To Net: NetName=3V3 Pin=U6-4
Added Pin To Net: NetName=3V3 Pin=U6-5
Added Pin To Net: NetName=GND Pin=U8-2
Added Pin To Net: NetName=GND Pin=U8-3
Added Pin To Net: NetName=GND Pin=U8-5
Change Net Name : Old Net Name=VOUT_BTY_CH New Net Name=5V
Change Net Name : Old Net Name=VOUTOK New Net Name=VOUT_OK
Added Pin To Net: NetName=BAT_IN Pin=IC1-2
Added Pin To Net: NetName=BAT_IN Pin=J4-02
Added Pin To Net: NetName=BAT_IN Pin=R33-1
Added Net: Name=BAT_IN
Added Pin To Net: NetName=CANH Pin=U5-7
Added Net: Name=CANH
Added Pin To Net: NetName=CANL Pin=U5-6
Added Net: Name=CANL
Added Pin To Net: NetName=ENCENDIDO_B2 Pin=Q3-3
Added Net: Name=ENCENDIDO_B2
Added Pin To Net: NetName=ENCENDIDO Pin=U3-6
Added Net: Name=ENCENDIDO
Added Pin To Net: NetName=GND_TRACT Pin=K1-2
Added Pin To Net: NetName=GND_TRACT Pin=K2-2
Added Pin To Net: NetName=GND_TRACT Pin=Q2-2
Added Pin To Net: NetName=GND_TRACT Pin=Q3-2
Added Net: Name=GND_TRACT
Added Net: Name=IN_ON/OFF
Added Net: Name=IN_SPUERTAS
Added Net: Name=LORA_RST
Added Pin To Net: NetName=LORA_RX_1 Pin=S2-2A
Added Pin To Net: NetName=LORA_RX_1 Pin=U2-31
Added Pin To Net: NetName=LORA_RX_1 Pin=U2-36
Added Net: Name=LORA_RX_1
Added Pin To Net: NetName=LORA_RX_2 Pin=IC2-1
Added Pin To Net: NetName=LORA_RX_2 Pin=S2-2B
Added Pin To Net: NetName=LORA_RX_2 Pin=TP_LRX1-1
Added Net: Name=LORA_RX_2
Added Pin To Net: NetName=LORA_TX_1 Pin=S2-1A
Added Pin To Net: NetName=LORA_TX_1 Pin=U2-33
Added Net: Name=LORA_TX_1
Added Pin To Net: NetName=LORA_TX_2 Pin=IC2-2
Added Pin To Net: NetName=LORA_TX_2 Pin=S2-1B
Added Pin To Net: NetName=LORA_TX_2 Pin=TP_LTX1-1
Added Net: Name=LORA_TX_2
Added Pin To Net: NetName=NetB4_4 Pin=B4-4
Added Net: Name=NetB4_4
Added Net: Name=NetC30_1
Added Pin To Net: NetName=NetC46_1 Pin=U8-4
Added Net: Name=NetC46_1
Added Net: Name=NetC46_2
Added Pin To Net: NetName=NetK1_1 Pin=K1-1
Added Net: Name=NetK1_1
Added Pin To Net: NetName=NetK2_1 Pin=K2-1
Added Net: Name=NetK2_1
Added Pin To Net: NetName=NetK3_1 Pin=K3-1
Added Net: Name=NetK3_1
Added Pin To Net: NetName=NetK3_3 Pin=K3-3
Added Pin To Net: NetName=NetK3_3 Pin=Q2-1
Added Net: Name=NetK3_3
Added Pin To Net: NetName=NetK4_1 Pin=K4-1
Added Net: Name=NetK4_1
Added Pin To Net: NetName=NetK4_3 Pin=K4-3
Added Pin To Net: NetName=NetK4_3 Pin=Q3-1
Added Net: Name=NetK4_3
Added Pin To Net: NetName=NetL1_2 Pin=U6-3
Added Net: Name=NetL1_2
Added Pin To Net: NetName=PUERTA_ABIERTA Pin=K1-4
Added Pin To Net: NetName=PUERTA_ABIERTA Pin=R15-1
Added Pin To Net: NetName=PUERTA_ABIERTA Pin=U3-7
Added Net: Name=PUERTA_ABIERTA
Added Pin To Net: NetName=RFIN Pin=J12-1
Added Pin To Net: NetName=RFIN Pin=U8-1
Added Net: Name=RFIN
Added Pin To Net: NetName=RFOUT Pin=C18-2
Added Pin To Net: NetName=RFOUT Pin=U6-6
Added Net: Name=RFOUT
Added Pin To Net: NetName=RST Pin=IC2-22
Added Net: Name=RST
Added Pin To Net: NetName=SIR_A2 Pin=Q2-3
Added Net: Name=SIR_A2
Added Pin To Net: NetName=SIRENA Pin=U3-5
Added Net: Name=SIRENA
Added Pin To Net: NetName=TRACTOR_ON Pin=K2-4
Added Pin To Net: NetName=TRACTOR_ON Pin=U3-9
Added Net: Name=TRACTOR_ON
Added Pin To Net: NetName=TWAI_RD Pin=U2-9
Added Pin To Net: NetName=TWAI_RD Pin=U5-4
Added Net: Name=TWAI_RD
Added Pin To Net: NetName=TWAI_TD Pin=U2-10
Added Pin To Net: NetName=TWAI_TD Pin=U5-1
Added Net: Name=TWAI_TD
Added Pin To Net: NetName=VCC_TRACT Pin=K3-4
Added Pin To Net: NetName=VCC_TRACT Pin=K4-4
Added Net: Name=VCC_TRACT
Added Pin To Net: NetName=VCCPROG Pin=B4-5
Added Pin To Net: NetName=VCCPROG Pin=B4-6
Added Pin To Net: NetName=VCCPROG Pin=B4-7
Added Pin To Net: NetName=VCCPROG Pin=B4-8
Added Pin To Net: NetName=VCCPROG Pin=J13-2
Added Net: Name=VCCPROG
Change Class Name : Old Net Name=Modem New Net Name=GPS
Added Class: Name=Entradas digitales
Added Class: Name=Interfaz CAN
Added Class: Name=Salidas Digitales
Added Class: Name=U_RTU_LMG_gps_acond
Added Class: Name=U_RTU_LMG_LoRa_Module
Added Member To Class: ClassName=U_RTU_B2_ORing3V3 Member=Component B4 FDS6679AZ
Added Member To Class: ClassName=Fuente Buck 9/30V - 6V Member=Component C34 0.1 µF
Added Member To Class: ClassName=Microcontrolador Member=Component D8 WL-TMRC_5MM
Added Member To Class: ClassName=RTU_LMG_Block_Diagram Member=Component J4 ON-OFF
Added Member To Class: ClassName=Fuente Buck 9/30V - 6V Member=Component R2 56 kOhms
Added Member To Class: ClassName=Fuente Buck 9/30V - 6V Member=Component R11 82 kOhms
Added Room: Name=Cargador de Baterias
Added Room: Name=Entradas digitales
Added Room: Name=Expansores de IO
Added Room: Name=Fuente Buck 9/30V - 6V
Added Room: Name=GPS
Added Room: Name=Interfaz CAN
Added Room: Name=Microcontrolador
Added Room: Name=Regulador lineal 3V3
Added Room: Name=Regulador lineal 3V8
Added Room: Name=RTU_LMG_Block_Diagram
Added Room: Name=Salidas Digitales
Added Room: Name=U_RTC
Added Room: Name=U_RTU_B2_ORing3V3
Added Room: Name=U_RTU_LMG_gps_acond
Added Room: Name=U_RTU_LMG_LoRa_Module
