Removed Pin From Net: NetName=GND Pin=BR1-4
Removed Pin From Net: NetName=GND Pin=C1-1
Removed Pin From Net: NetName=GND Pin=C2-1
Removed Pin From Net: NetName=12V Pin=C2-2
Removed Pin From Net: NetName=GND Pin=C3-2
Removed Pin From Net: NetName=3V3_A Pin=C4-1
Removed Pin From Net: NetName=GND Pin=C4-2
Removed Pin From Net: NetName=GND Pin=C5-2
Removed Pin From Net: NetName=GND Pin=C6-2
Removed Pin From Net: NetName=GND Pin=C7-1
Removed Pin From Net: NetName=GND Pin=C8-2
Removed Pin From Net: NetName=GND Pin=C9-1
Removed Pin From Net: NetName=GND Pin=C10-1
Removed Pin From Net: NetName=GND Pin=C11-1
Removed Pin From Net: NetName=GND Pin=C12-1
Removed Pin From Net: NetName=GND Pin=C13-1
Removed Pin From Net: NetName=GND Pin=C14-1
Removed Pin From Net: NetName=GND Pin=C15-1
Removed Pin From Net: NetName=EN Pin=C15-2
Removed Pin From Net: NetName=GND Pin=C16-1
Removed Pin From Net: NetName=GND Pin=C17-1
Removed Pin From Net: NetName=GND Pin=C19-2
Removed Pin From Net: NetName=GND Pin=C20-1
Removed Pin From Net: NetName=GND Pin=C21-2
Removed Pin From Net: NetName=GND Pin=C22-2
Removed Pin From Net: NetName=GND Pin=C23-2
Removed Pin From Net: NetName=GND Pin=C24-1
Removed Pin From Net: NetName=GND Pin=C25-2
Removed Pin From Net: NetName=GND Pin=C26-2
Removed Pin From Net: NetName=GND Pin=C27-1
Removed Pin From Net: NetName=GND Pin=C28-1
Removed Pin From Net: NetName=GND Pin=C30-2
Removed Pin From Net: NetName=GND Pin=C31-2
Removed Pin From Net: NetName=GND Pin=C32-2
Removed Pin From Net: NetName=GND Pin=C35-2
Removed Pin From Net: NetName=GND Pin=C36-2
Removed Pin From Net: NetName=GND Pin=C37-2
Removed Pin From Net: NetName=GND Pin=C38-1
Removed Pin From Net: NetName=GND Pin=C39-1
Removed Pin From Net: NetName=GND Pin=C40-1
Removed Pin From Net: NetName=GND Pin=C41-2
Removed Pin From Net: NetName=GND Pin=C42-2
Removed Pin From Net: NetName=GND Pin=C43-1
Removed Pin From Net: NetName=GND Pin=C44-2
Removed Pin From Net: NetName=GND Pin=C45-2
Removed Pin From Net: NetName=GND Pin=C46-2
Removed Pin From Net: NetName=GND Pin=C47-2
Removed Pin From Net: NetName=GND Pin=C48-2
Removed Pin From Net: NetName=GND Pin=C49-2
Removed Pin From Net: NetName=GND Pin=C50-1
Removed Pin From Net: NetName=GND Pin=C51-2
Removed Pin From Net: NetName=GND Pin=C58-1
Removed Pin From Net: NetName=GND Pin=C59-1
Removed Pin From Net: NetName=12V Pin=D1-K
Removed Pin From Net: NetName=GND Pin=D2-2
Removed Pin From Net: NetName=GND Pin=D3-2
Removed Pin From Net: NetName=GND Pin=D5-2
Removed Pin From Net: NetName=GND Pin=D6-2
Removed Pin From Net: NetName=Vin Pin=F1-1
Removed Pin From Net: NetName=N Pin=FL1-2
Removed Pin From Net: NetName=GND Pin=IC1-2
Removed Pin From Net: NetName=GND Pin=IC2-2
Removed Pin From Net: NetName=3V3_A Pin=IC2-5
Removed Pin From Net: NetName=GND Pin=IC4-4
Removed Pin From Net: NetName=GND Pin=IC5-13
Removed Pin From Net: NetName=GND Pin=IC5-14
Removed Pin From Net: NetName=GND Pin=IC5-15
Removed Pin From Net: NetName=GND Pin=IC5-17
Removed Pin From Net: NetName=GND Pin=IC5-19
Removed Pin From Net: NetName=GND Pin=IC5-24
Removed Pin From Net: NetName=GND Pin=IC5-25
Removed Pin From Net: NetName=GND Pin=IC5-26
Removed Pin From Net: NetName=GND Pin=IC5-27
Removed Pin From Net: NetName=GND Pin=IC5-28
Removed Pin From Net: NetName=GND Pin=IC5-29
Removed Pin From Net: NetName=GND Pin=IC5-30
Removed Pin From Net: NetName=GND Pin=IC5-31
Removed Pin From Net: NetName=GND Pin=IC6-5
Removed Pin From Net: NetName=INPUT_1 Pin=IC7-3
Removed Pin From Net: NetName=INPUT_2 Pin=IC8-3
Removed Pin From Net: NetName=GND Pin=IC9-2
Removed Pin From Net: NetName=GND Pin=IC9-4
Removed Pin From Net: NetName=GND Pin=IC10-2
Removed Pin From Net: NetName=GND Pin=IC11-3
Removed Pin From Net: NetName=GND Pin=IC11-4
Removed Pin From Net: NetName=GND Pin=IC11-5
Removed Pin From Net: NetName=GND Pin=IC11-6
Removed Pin From Net: NetName=GND Pin=IC11-7
Removed Pin From Net: NetName=GND Pin=IC11-8
Removed Pin From Net: NetName=GND Pin=IC11-9
Removed Pin From Net: NetName=GND Pin=IC11-10
Removed Pin From Net: NetName=GND Pin=IC11-11
Removed Pin From Net: NetName=GND Pin=IC11-13
Removed Pin From Net: NetName=GND Pin=IC11-14
Removed Pin From Net: NetName=GND Pin=IC11-15
Removed Pin From Net: NetName=GND Pin=IC11-16
Removed Pin From Net: NetName=GND Pin=IC11-17
Removed Pin From Net: NetName=GND Pin=IC11-18
Removed Pin From Net: NetName=GND Pin=IC11-19
Removed Pin From Net: NetName=GND Pin=IC11-20
Removed Pin From Net: NetName=GND Pin=IC11-23
Removed Pin From Net: NetName=GND Pin=IC11-25
Removed Pin From Net: NetName=GND Pin=IC11-26
Removed Pin From Net: NetName=GND Pin=IC11-28
Removed Pin From Net: NetName=GND Pin=IC11-29
Removed Pin From Net: NetName=GND Pin=IC11-30
Removed Pin From Net: NetName=GND Pin=IC11-31
Removed Pin From Net: NetName=GND Pin=IC11-32
Removed Pin From Net: NetName=GND Pin=IC12-2
Removed Pin From Net: NetName=GND Pin=J1-3
Removed Pin From Net: NetName=GND Pin=J11-2
Removed Pin From Net: NetName=GND Pin=J11-3
Removed Pin From Net: NetName=GND Pin=J12-2
Removed Pin From Net: NetName=GND Pin=J12-3
Removed Pin From Net: NetName=GND Pin=LED1-1
Removed Pin From Net: NetName=GND Pin=LED2-1
Removed Pin From Net: NetName=GND Pin=MOSFET1-3
Removed Pin From Net: NetName=COM Pin=MOSFET1-4
Removed Pin From Net: NetName=OUT1 Pin=MOSFET1-6
Removed Pin From Net: NetName=GND Pin=MOSFET2-3
Removed Pin From Net: NetName=COM Pin=MOSFET2-4
Removed Pin From Net: NetName=OUT2 Pin=MOSFET2-6
Removed Pin From Net: NetName=GND Pin=Q1-1
Removed Pin From Net: NetName=GND Pin=Q1-4
Removed Pin From Net: NetName=12V Pin=R1-2
Removed Pin From Net: NetName=GND Pin=R2-1
Removed Pin From Net: NetName=GND Pin=R4-1
Removed Pin From Net: NetName=SDA Pin=R7-1
Removed Pin From Net: NetName=SCL Pin=R8-1
Removed Pin From Net: NetName=EN Pin=R10-1
Removed Pin From Net: NetName=GND Pin=R14-2
Removed Pin From Net: NetName=GND Pin=R21-1
Removed Pin From Net: NetName=GND Pin=R24-1
Removed Pin From Net: NetName=GND Pin=R27-1
Removed Pin From Net: NetName=GND Pin=R37-2
Removed Pin From Net: NetName=GND Pin=S1-4
Removed Pin From Net: NetName=3V3_A Pin=TP_3V3A-1
Removed Pin From Net: NetName=12V Pin=TP_12V-1
Removed Pin From Net: NetName=GND Pin=TP_GND1-1
Removed Pin From Net: NetName=GND Pin=TP_GND2-1
Removed Pin From Net: NetName=GND Pin=TP_GND3-1
Removed Pin From Net: NetName=SCL Pin=TP_SCL-1
Removed Pin From Net: NetName=SDA Pin=TP_SDA-1
Removed Pin From Net: NetName=GND Pin=U1-1
Removed Pin From Net: NetName=GND Pin=U2-1
Removed Pin From Net: NetName=EN Pin=U2-3
Removed Pin From Net: NetName=GND Pin=U2-4
Removed Pin From Net: NetName=GND Pin=U2-5
Removed Pin From Net: NetName=GND Pin=U2-6
Removed Pin From Net: NetName=GND Pin=U2-7
Removed Pin From Net: NetName=SCL Pin=U2-8
Removed Pin From Net: NetName=TMS Pin=U2-13
Removed Pin From Net: NetName=TDI Pin=U2-14
Removed Pin From Net: NetName=GND Pin=U2-15
Removed Pin From Net: NetName=TCK Pin=U2-16
Removed Pin From Net: NetName=TDO Pin=U2-23
Removed Pin From Net: NetName=GPIO0 Pin=U2-25
Removed Pin From Net: NetName=GND Pin=U2-26
Removed Pin From Net: NetName=GND Pin=U2-27
Removed Pin From Net: NetName=GND Pin=U2-28
Removed Pin From Net: NetName=GND Pin=U2-32
Removed Pin From Net: NetName=SDA Pin=U2-37
Removed Pin From Net: NetName=GND Pin=U2-38
Removed Pin From Net: NetName=GND Pin=U2-39_1
Removed Pin From Net: NetName=GND Pin=U2-39_2
Removed Pin From Net: NetName=GND Pin=U2-39_3
Removed Pin From Net: NetName=GND Pin=U2-39_4
Removed Pin From Net: NetName=GND Pin=U2-39_5
Removed Pin From Net: NetName=GND Pin=U2-39_6
Removed Pin From Net: NetName=GND Pin=U2-39_7
Removed Pin From Net: NetName=GND Pin=U2-39_8
Removed Pin From Net: NetName=GND Pin=U2-39_9
Removed Pin From Net: NetName=GND Pin=U3-1
Removed Pin From Net: NetName=GND Pin=U3-2
Removed Pin From Net: NetName=GND Pin=U3-3
Removed Pin From Net: NetName=GND Pin=U3-8
Removed Pin From Net: NetName=SCL Pin=U3-14
Removed Pin From Net: NetName=SDA Pin=U3-15
Removed Pin From Net: NetName=GND Pin=U4-3
Removed Pin From Net: NetName=GND Pin=U4-8
Removed Pin From Net: NetName=GND Pin=U4-9
Removed Pin From Net: NetName=GND Pin=U4-10
Removed Pin From Net: NetName=GND Pin=U4-31
Removed Pin From Net: NetName=GND Pin=U4-48
Removed Pin From Net: NetName=GND Pin=U4-50
Removed Pin From Net: NetName=GND Pin=U4-54
Removed Pin From Net: NetName=GND Pin=U4-55
Removed Pin From Net: NetName=GND Pin=U4-58
Removed Pin From Net: NetName=GND Pin=U4-59
Removed Pin From Net: NetName=GND Pin=U4-61
Removed Pin From Net: NetName=GND Pin=U4-62
Removed Pin From Net: NetName=GND Pin=U4-67
Removed Pin From Net: NetName=GND Pin=U4-68
Removed Pin From Net: NetName=GND Pin=U4-69
Removed Pin From Net: NetName=GND Pin=U4-70
Removed Pin From Net: NetName=GND Pin=U4-71
Removed Pin From Net: NetName=GND Pin=U4-72
Removed Pin From Net: NetName=GND Pin=U4-73
Removed Pin From Net: NetName=GND Pin=U4-74
Removed Pin From Net: NetName=GND Pin=U4-79
Removed Pin From Net: NetName=GND Pin=U4-80
Removed Pin From Net: NetName=GND Pin=U4-81
Removed Pin From Net: NetName=GND Pin=U4-82
Removed Pin From Net: NetName=GND Pin=U4-89
Removed Pin From Net: NetName=GND Pin=U4-90
Removed Pin From Net: NetName=GND Pin=U4-91
Removed Pin From Net: NetName=GND Pin=U4-100
Removed Pin From Net: NetName=GND Pin=U4-101
Removed Pin From Net: NetName=GND Pin=U4-102
Removed Pin From Net: NetName=GND Pin=U6-2
Removed Pin From Net: NetName=GND Pin=U6-3
Removed Pin From Net: NetName=GND Pin=U7-2
Removed Pin From Net: NetName=GND Pin=U7-3
Removed Pin From Net: NetName=GND Pin=U7-6
Removed Pin From Net: NetName=GND Pin=U7-7
Removed Pin From Net: NetName=GND Pin=U7-8
Removed Pin From Net: NetName=GND Pin=U7-9
Removed Pin From Net: NetName=GND Pin=U7-10
Removed Pin From Net: NetName=GND Pin=U7-11
Removed Pin From Net: NetName=GND Pin=U7-12
Removed Pin From Net: NetName=SCL Pin=U7-14
Removed Pin From Net: NetName=SDA Pin=U7-15
Added Pin To Net: NetName=IN_SEL1 Pin=J3-7
Added Net: Name=IN_SEL1
Added Pin To Net: NetName=IN_SEL2 Pin=J3-6
Added Net: Name=IN_SEL2
Added Pin To Net: NetName=RELAY_COM Pin=J10-2
Added Net: Name=RELAY_COM
Added Pin To Net: NetName=RELAY_NC Pin=J10-1
Added Net: Name=RELAY_NC
Added Pin To Net: NetName=RELAY_NO Pin=J10-3
Added Net: Name=RELAY_NO
Added Pin To Net: NetName=RS485_A Pin=J6-1
Added Net: Name=RS485_A
Added Pin To Net: NetName=RS485_B Pin=J6-2
Added Net: Name=RS485_B
Added Pin To Net: NetName=UART0_RX Pin=J13-5
Added Net: Name=UART0_RX
Added Pin To Net: NetName=UART0_TX Pin=J13-3
Added Net: Name=UART0_TX
Added Class: Name=RTU_B2_Block_Diagram
Added Room: Name=RTU_B2_Block_Diagram
