Removed Pin From Net: NetName=6V Pin=C6-1
Removed Pin From Net: NetName=6V Pin=C8-1
Removed Pin From Net: NetName=6V Pin=IC3-3
Removed Pin From Net: NetName=6V Pin=U1-3
Change Component Description : Designator=BT2 Old Description=Coin Cell Retainer; Holder; SMT;20mm Cell; Nickel Plate; Tape & Reel New Description=Coin Cell Retainer; Holder; SMT;20mm Cell; Nickel Plate; Tape & Reel | Keystone Electronics 3034TR
Added Component: Designator=D9(WL-TMRC_5MM)
Add component (AddParameter): Name = "Availability"; Value = "Unavailable"; VariantName = "[No Variations]"
Add component (AddParameter): Name = "MF"; Value = "{'manufacturer': u'W\xfcrth Elektronik'}"; VariantName = "[No Variations]"
Add component (AddParameter): Name = "MP"; Value = "151051VS04000"; VariantName = "[No Variations]"
Add component (AddParameter): Name = "Package"; Value = "None"; VariantName = "[No Variations]"
Add component (AddParameter): Name = "Price"; Value = "None"; VariantName = "[No Variations]"
Add component (AddParameter): Name = "Value"; Value = ""; VariantName = "[No Variations]"
Added Pin To Net: NetName=6V Pin=D9-2
Change Net Name : Old Net Name=6V New Net Name=BIAS
Change Net Color : Old Net Color=Black New Net Color=Default
Added Pin To Net: NetName=6V Pin=C6-1
Added Pin To Net: NetName=6V Pin=C8-1
Added Pin To Net: NetName=6V Pin=D9-1
Added Pin To Net: NetName=6V Pin=IC3-3
Added Pin To Net: NetName=6V Pin=U1-3
Added Net: Name=6V
Added Member To Class: ClassName=Microcontrolador Member=Component D8 WL-TMRC_5MM
Added Member To Class: ClassName=Fuente switching tipo Buck (6V) Member=Component D9 WL-TMRC_5MM
