Removed Pin From Net: NetName=GND Pin=C50-1
Removed Pin From Net: NetName=3V3 Pin=C50-2
Removed Pin From Net: NetName=3V3 Pin=C51-1
Removed Pin From Net: NetName=GND Pin=C51-2
Removed Pin From Net: NetName=GND Pin=IC11-3
Removed Pin From Net: NetName=GND Pin=IC11-4
Removed Pin From Net: NetName=GND Pin=IC11-5
Removed Pin From Net: NetName=GND Pin=IC11-6
Removed Pin From Net: NetName=GND Pin=IC11-7
Removed Pin From Net: NetName=GND Pin=IC11-8
Removed Pin From Net: NetName=GND Pin=IC11-9
Removed Pin From Net: NetName=GND Pin=IC11-10
Removed Pin From Net: NetName=GND Pin=IC11-11
Removed Pin From Net: NetName=GND Pin=IC11-13
Removed Pin From Net: NetName=GND Pin=IC11-14
Removed Pin From Net: NetName=GND Pin=IC11-15
Removed Pin From Net: NetName=GND Pin=IC11-16
Removed Pin From Net: NetName=GND Pin=IC11-17
Removed Pin From Net: NetName=GND Pin=IC11-18
Removed Pin From Net: NetName=GND Pin=IC11-19
Removed Pin From Net: NetName=GND Pin=IC11-20
Removed Pin From Net: NetName=GND Pin=IC11-23
Removed Pin From Net: NetName=3V3 Pin=IC11-24
Removed Pin From Net: NetName=GND Pin=IC11-25
Removed Pin From Net: NetName=GND Pin=IC11-26
Removed Pin From Net: NetName=GND Pin=IC11-28
Removed Pin From Net: NetName=GND Pin=IC11-29
Removed Pin From Net: NetName=GND Pin=IC11-30
Removed Pin From Net: NetName=GND Pin=IC11-31
Removed Pin From Net: NetName=GND Pin=IC11-32
Removed Pin From Net: NetName=GND Pin=IC12-2
Removed Pin From Net: NetName=GND Pin=J1-3
Removed Pin From Net: NetName=LORA_RST Pin=Q2-1
Removed Pin From Net: NetName=3V3 Pin=Q2-2
Removed Pin From Net: NetName=3V3 Pin=R36-1
Removed Pin From Net: NetName=GND Pin=R37-2
Removed Pin From Net: NetName=3V3 Pin=R38-1
Removed Pin From Net: NetName=LORA_RST Pin=R38-2
Change Component Library : Designator=IC10 Old Library=Celestial Altium Library - altium_library.DbLib New Library=Altium Database Library V2.DbLib
Added Pin To Net: NetName=UART0_RX Pin=J13-5
Added Pin To Net: NetName=UART0_RX Pin=U2-34
Added Net: Name=UART0_RX
Added Pin To Net: NetName=UART0_TX Pin=J13-3
Added Pin To Net: NetName=UART0_TX Pin=U2-35
Added Net: Name=UART0_TX
Added Class: Name=Expansores de IO
Added Class: Name=RTU_B2_Block_Diagram
Added Member To Class: ClassName=RS-485 Member=Component C46 1 µF
Added Member To Class: ClassName=Regulador lineal 5V Member=Component C47 1 µF
Added Member To Class: ClassName=Regulador lineal 5V Member=Component C48 1 µF
Added Member To Class: ClassName=Salidas digitales Member=Component C49 10 µF
Added Member To Class: ClassName=RS-485 Member=Component IC6 ST3485EBDR
Added Member To Class: ClassName=Entradas digitales Member=Component IC7 2N7002K
Added Member To Class: ClassName=Entradas digitales Member=Component IC8 2N7002K
Added Member To Class: ClassName=Fuente switching tipo Boost (12V - Entradas analógicas) Member=Component L1 10 uH
Added Member To Class: ClassName=Modem Member=Component R13 100 kOhms
Added Member To Class: ClassName=Modem Member=Component R14 10 kOhms
Added Member To Class: ClassName=Modem Member=Component R16 15 kOhms
Added Member To Class: ClassName=Modem Member=Component R18 22 Ohms
Added Member To Class: ClassName=Modem Member=Component R20 100 kOhms
Added Member To Class: ClassName=Fuente switching tipo Buck (6V) Member=Component R22 100 kOhms
Added Member To Class: ClassName=Fuente switching tipo Buck (6V) Member=Component R24 20 kOhms
Added Member To Class: ClassName=Fuente switching tipo Buck (6V) Member=Component R26 412 kOhms
Added Member To Class: ClassName=RS-485 Member=Component R28 22 Ohms
Added Member To Class: ClassName=Entradas digitales Member=Component R30 100 kOhms
Added Member To Class: ClassName=Entradas digitales Member=Component R31 100 kOhms
Added Member To Class: ClassName=Salidas digitales Member=Component R32 240 Ohms
Added Member To Class: ClassName=Fuente switching tipo Boost (12V - Entradas analógicas) Member=Component TP_12V RCWCTE
Added Member To Class: ClassName=Fuente regulada lineal (3V3 - Entradas analógicas) Member=Component TP_GND1 RCWCTE
Added Member To Class: ClassName=Fuente switching tipo Buck (6V) Member=Component TP_GND2 RCWCTE
Added Member To Class: ClassName=Rectificador tipo puente Member=Component TP_GND3 RCWCTE
Added Member To Class: ClassName=Modem Member=Component TP_MRX RCWCTE
Added Member To Class: ClassName=Modem Member=Component TP_MTX RCWCTE
Added Member To Class: ClassName=Microcontrolador Member=Component TP_SCL RCWCTE
Added Member To Class: ClassName=Microcontrolador Member=Component TP_SDA RCWCTE
Added Member To Class: ClassName=Rectificador tipo puente Member=Component TP_VIN RCWCTE
Added Room: Name=Entradas digitales
Added Room: Name=Expansores de IO
Added Room: Name=Fuente regulada lineal (3V3 - Entradas analógicas)
Added Room: Name=Fuente switching tipo Boost (12V - Entradas analógicas)
Added Room: Name=Fuente switching tipo Buck (6V)
Added Room: Name=Microcontrolador
Added Room: Name=Modem
Added Room: Name=Rectificador tipo puente
Added Room: Name=Regulador lineal 3V3
Added Room: Name=Regulador lineal 3V8
Added Room: Name=Regulador lineal 5V
Added Room: Name=RS-485
Added Room: Name=RTU_B2_Block_Diagram
Added Room: Name=Salidas digitales
