Removed Pin From Net: NetName=Vcc Pin=J1-1
Added Component: Designator=BT1(BAT_3034TR)
Add component (AddParameter): Name = "Check_prices"; Value = "https://www.snapeda.com/parts/3034TR/Keystone/view-part/?ref=eda"; VariantName = "[No Variations]"
Add component (AddParameter): Name = "MF"; Value = "Keystone Electronics"; VariantName = "[No Variations]"
Add component (AddParameter): Name = "MP"; Value = "3034TR"; VariantName = "[No Variations]"
Add component (AddParameter): Name = "Package"; Value = "None"; VariantName = "[No Variations]"
Add component (AddParameter): Name = "SnapEDA_Link"; Value = "https://www.snapeda.com/parts/3034TR/Keystone/view-part/?ref=snap"; VariantName = "[No Variations]"
Add component (AddParameter): Name = "Value"; Value = ""; VariantName = "[No Variations]"
Added Component: Designator=BT?(BAT_3034TR)
Add component (AddParameter): Name = "Check_prices"; Value = "https://www.snapeda.com/parts/3034TR/Keystone/view-part/?ref=eda"; VariantName = "[No Variations]"
Add component (AddParameter): Name = "MF"; Value = "Keystone Electronics"; VariantName = "[No Variations]"
Add component (AddParameter): Name = "MP"; Value = "3034TR"; VariantName = "[No Variations]"
Add component (AddParameter): Name = "Package"; Value = "None"; VariantName = "[No Variations]"
Add component (AddParameter): Name = "SnapEDA_Link"; Value = "https://www.snapeda.com/parts/3034TR/Keystone/view-part/?ref=snap"; VariantName = "[No Variations]"
Add component (AddParameter): Name = "Value"; Value = ""; VariantName = "[No Variations]"
Added Component: Designator=D1(DIODES SOT-323-3)
Add component (AddParameter): Name = "ComponentLink1Description"; Value = "Datasheet"; VariantName = "[No Variations]"
Add component (AddParameter): Name = "ComponentLink1URL"; Value = "https://assets.nexperia.com/documents/data-sheet/BZX84W_SER.pdf"; VariantName = "[No Variations]"
Add component (AddParameter): Name = "ComponentLink2Description"; Value = "DigiKey Link"; VariantName = "[No Variations]"
Add component (AddParameter): Name = "ComponentLink2URL"; Value = "https://www.digikey.com/en/products/detail/nexperia-usa-inc/BZX84W-C12F/9380703"; VariantName = "[No Variations]"
Add component (AddParameter): Name = "Current - Reverse Leakage @ Vr"; Value = "100 nA @ 8 V"; VariantName = "[No Variations]"
Add component (AddParameter): Name = "Impedance (Max) (Zzt)"; Value = "25 Ohms"; VariantName = "[No Variations]"
Add component (AddParameter): Name = "LastUpdated"; Value = "3/6/2024 20:01:46"; VariantName = "[No Variations]"
Add component (AddParameter): Name = "Lifecycle Status"; Value = "Active"; VariantName = "[No Variations]"
Add component (AddParameter): Name = "Manufacturer"; Value = "Nexperia USA Inc."; VariantName = "[No Variations]"
Add component (AddParameter): Name = "Minimum Order"; Value = "1"; VariantName = "[No Variations]"
Add component (AddParameter): Name = "Mounting Type"; Value = "Surface Mount"; VariantName = "[No Variations]"
Add component (AddParameter): Name = "Operating Temperature"; Value = "150°C (TJ)"; VariantName = "[No Variations]"
Add component (AddParameter): Name = "Package / Case"; Value = "SC-70, SOT-323"; VariantName = "[No Variations]"
Add component (AddParameter): Name = "Packaging"; Value = "TapeAndReel"; VariantName = "[No Variations]"
Add component (AddParameter): Name = "Part Number"; Value = "BZX84W-C12F"; VariantName = "[No Variations]"
Add component (AddParameter): Name = "Part Status"; Value = "Active"; VariantName = "[No Variations]"
Add component (AddParameter): Name = "PartId"; Value = "873"; VariantName = "[No Variations]"
Add component (AddParameter): Name = "Power - Max"; Value = "275 mW"; VariantName = "[No Variations]"
Add component (AddParameter): Name = "Price"; Value = "0.01"; VariantName = "[No Variations]"
Add component (AddParameter): Name = "Series"; Value = "BZX84W"; VariantName = "[No Variations]"
Add component (AddParameter): Name = "Supplier 1"; Value = "DigiKey"; VariantName = "[No Variations]"
Add component (AddParameter): Name = "Supplier Device Package"; Value = "SOT-323"; VariantName = "[No Variations]"
Add component (AddParameter): Name = "Supplier Part Number 1"; Value = "1727-8288-1-ND"; VariantName = "[No Variations]"
Add component (AddParameter): Name = "Tolerance"; Value = "±5%"; VariantName = "[No Variations]"
Add component (AddParameter): Name = "Voltage - Forward (Vf) (Max) @ If"; Value = "900 mV @ 10 mA"; VariantName = "[No Variations]"
Add component (AddParameter): Name = "Voltage - Zener (Nom) (Vz)"; Value = "12 V"; VariantName = "[No Variations]"
Added Component: Designator=D?(DO214AC SMA)
Add component (AddParameter): Name = "ComponentLink1Description"; Value = "Datasheet"; VariantName = "[No Variations]"
Add component (AddParameter): Name = "ComponentLink1URL"; Value = "http://www.st.com/content/ccc/resource/technical/document/datasheet/b7/ac/e1/7d/2a/e9/4b/e8/CD00003166.pdf/files/CD00003166.pdf/jcr:content/translations/en.CD00003166.pdf"; VariantName = "[No Variations]"
Add component (AddParameter): Name = "ComponentLink2Description"; Value = "DigiKey Link"; VariantName = "[No Variations]"
Add component (AddParameter): Name = "ComponentLink2URL"; Value = "https://www.digikey.com/en/products/detail/stmicroelectronics/STPS2L60A/603486"; VariantName = "[No Variations]"
Add component (AddParameter): Name = "Current - Average Rectified (Io)"; Value = "2A"; VariantName = "[No Variations]"
Add component (AddParameter): Name = "Current - Reverse Leakage @ Vr"; Value = "100 µA @ 60 V"; VariantName = "[No Variations]"
Add component (AddParameter): Name = "Diode Type"; Value = "Schottky"; VariantName = "[No Variations]"
Add component (AddParameter): Name = "LastUpdated"; Value = "3/6/2024 19:54:31"; VariantName = "[No Variations]"
Add component (AddParameter): Name = "Lifecycle Status"; Value = "Active"; VariantName = "[No Variations]"
Add component (AddParameter): Name = "Manufacturer"; Value = "STMicroelectronics"; VariantName = "[No Variations]"
Add component (AddParameter): Name = "Minimum Order"; Value = "1"; VariantName = "[No Variations]"
Add component (AddParameter): Name = "Mounting Type"; Value = "Surface Mount"; VariantName = "[No Variations]"
Add component (AddParameter): Name = "Operating Temperature - Junction"; Value = "150°C (Max)"; VariantName = "[No Variations]"
Add component (AddParameter): Name = "Package / Case"; Value = "DO-214AC, SMA"; VariantName = "[No Variations]"
Add component (AddParameter): Name = "Packaging"; Value = "TapeAndReel"; VariantName = "[No Variations]"
Add component (AddParameter): Name = "Part Number"; Value = "STPS2L60A"; VariantName = "[No Variations]"
Add component (AddParameter): Name = "Part Status"; Value = "Active"; VariantName = "[No Variations]"
Add component (AddParameter): Name = "PartId"; Value = "2074"; VariantName = "[No Variations]"
Add component (AddParameter): Name = "Price"; Value = "0.18"; VariantName = "[No Variations]"
Add component (AddParameter): Name = "Series"; Value = "-"; VariantName = "[No Variations]"
Add component (AddParameter): Name = "Speed"; Value = "Fast Recovery =< 500ns, > 200mA (Io)"; VariantName = "[No Variations]"
Add component (AddParameter): Name = "Supplier 1"; Value = "DigiKey"; VariantName = "[No Variations]"
Add component (AddParameter): Name = "Supplier Device Package"; Value = "SMA (DO-214AC)"; VariantName = "[No Variations]"
Add component (AddParameter): Name = "Supplier Part Number 1"; Value = "497-2461-1-ND"; VariantName = "[No Variations]"
Add component (AddParameter): Name = "Voltage - DC Reverse (Vr) (Max)"; Value = "60 V"; VariantName = "[No Variations]"
Add component (AddParameter): Name = "Voltage - Forward (Vf) (Max) @ If"; Value = "600 mV @ 2 A"; VariantName = "[No Variations]"
Added Component: Designator=IC1(INFINEON SOT-23-3)
Add component (AddParameter): Name = "ComponentLink1Description"; Value = "Datasheet"; VariantName = "[No Variations]"
Add component (AddParameter): Name = "ComponentLink1URL"; Value = "https://www.infineon.com/dgdl/irlml9301pbf.pdf?fileId=5546d462533600a401535668e5e42640"; VariantName = "[No Variations]"
Add component (AddParameter): Name = "ComponentLink2Description"; Value = "DigiKey Link"; VariantName = "[No Variations]"
Add component (AddParameter): Name = "ComponentLink2URL"; Value = "https://www.digikey.com/en/products/detail/infineon-technologies/IRLML9301TRPBF/2354146"; VariantName = "[No Variations]"
Add component (AddParameter): Name = "Current - Continuous Drain (Id) @ 25°C"; Value = "3.6A (Ta)"; VariantName = "[No Variations]"
Add component (AddParameter): Name = "Drain to Source Voltage (Vdss)"; Value = "30 V"; VariantName = "[No Variations]"
Add component (AddParameter): Name = "Drive Voltage (Max Rds On,  Min Rds On)"; Value = "4.5V, 10V"; VariantName = "[No Variations]"
Add component (AddParameter): Name = "FET Type"; Value = "P-Channel"; VariantName = "[No Variations]"
Add component (AddParameter): Name = "Gate Charge (Qg) (Max) @ Vgs"; Value = "4.8 nC @ 4.5 V"; VariantName = "[No Variations]"
Add component (AddParameter): Name = "Input Capacitance (Ciss) (Max) @ Vds"; Value = "388 pF @ 25 V"; VariantName = "[No Variations]"
Add component (AddParameter): Name = "LastUpdated"; Value = "3/6/2024 20:15:24"; VariantName = "[No Variations]"
Add component (AddParameter): Name = "Lifecycle Status"; Value = "Active"; VariantName = "[No Variations]"
Add component (AddParameter): Name = "Manufacturer"; Value = "Infineon Technologies"; VariantName = "[No Variations]"
Add component (AddParameter): Name = "Minimum Order"; Value = "1"; VariantName = "[No Variations]"
Add component (AddParameter): Name = "Mounting Type"; Value = "Surface Mount"; VariantName = "[No Variations]"
Add component (AddParameter): Name = "Operating Temperature"; Value = "-55°C ~ 150°C (TJ)"; VariantName = "[No Variations]"
Add component (AddParameter): Name = "Package / Case"; Value = "TO-236-3, SC-59, SOT-23-3"; VariantName = "[No Variations]"
Add component (AddParameter): Name = "Packaging"; Value = "TapeAndReel"; VariantName = "[No Variations]"
Add component (AddParameter): Name = "Part Number"; Value = "IRLML9301TRPBF"; VariantName = "[No Variations]"
Add component (AddParameter): Name = "Part Status"; Value = "Active"; VariantName = "[No Variations]"
Add component (AddParameter): Name = "Power Dissipation (Max)"; Value = "1.3W (Ta)"; VariantName = "[No Variations]"
Add component (AddParameter): Name = "Price"; Value = "0.09"; VariantName = "[No Variations]"
Add component (AddParameter): Name = "Rds On (Max) @ Id, Vgs"; Value = "64mOhm @ 3.6A, 10V"; VariantName = "[No Variations]"
Add component (AddParameter): Name = "Series"; Value = "HEXFET®"; VariantName = "[No Variations]"
Add component (AddParameter): Name = "Supplier 1"; Value = "DigiKey"; VariantName = "[No Variations]"
Add component (AddParameter): Name = "Supplier Device Package"; Value = "Micro3™/SOT-23"; VariantName = "[No Variations]"
Add component (AddParameter): Name = "Supplier Part Number 1"; Value = "IRLML9301TRPBFCT-ND"; VariantName = "[No Variations]"
Add component (AddParameter): Name = "Technology"; Value = "MOSFET (Metal Oxide)"; VariantName = "[No Variations]"
Add component (AddParameter): Name = "Vgs (Max)"; Value = "±20V"; VariantName = "[No Variations]"
Add component (AddParameter): Name = "Vgs(th) (Max) @ Id"; Value = "2.4V @ 10µA"; VariantName = "[No Variations]"
Added Component: Designator=R1(RES 0603_1608)
Add component (AddParameter): Name = "ComponentLink1Description"; Value = "Datasheet"; VariantName = "[No Variations]"
Add component (AddParameter): Name = "ComponentLink1URL"; Value = "https://www.seielect.com/catalog/sei-rncs_rnch.pdf"; VariantName = "[No Variations]"
Add component (AddParameter): Name = "ComponentLink2Description"; Value = "DigiKey Link"; VariantName = "[No Variations]"
Add component (AddParameter): Name = "ComponentLink2URL"; Value = "https://www.digikey.com/en/products/detail/stackpole-electronics-inc/RNCS0603BKE100K/1708835"; VariantName = "[No Variations]"
Add component (AddParameter): Name = "Composition"; Value = "Thin Film"; VariantName = "[No Variations]"
Add component (AddParameter): Name = "Device Package"; Value = "0603 (1608 Metric)"; VariantName = "[No Variations]"
Add component (AddParameter): Name = "Features"; Value = "Anti-Corrosive, Automotive AEC-Q200, Moisture Resistant"; VariantName = "[No Variations]"
Add component (AddParameter): Name = "Height - Seated (Max)"; Value = "0.022" (0.55mm)"; VariantName = "[No Variations]"
Add component (AddParameter): Name = "LastUpdated"; Value = "9/2/2024 20:43:37"; VariantName = "[No Variations]"
Add component (AddParameter): Name = "Lifecycle Status"; Value = "Active"; VariantName = "[No Variations]"
Add component (AddParameter): Name = "Manufacturer"; Value = "Stackpole Electronics Inc"; VariantName = "[No Variations]"
Add component (AddParameter): Name = "Minimum Order"; Value = "1"; VariantName = "[No Variations]"
Add component (AddParameter): Name = "Number of Terminations"; Value = "2"; VariantName = "[No Variations]"
Add component (AddParameter): Name = "Operating Temperature"; Value = "-55°C ~ 155°C"; VariantName = "[No Variations]"
Add component (AddParameter): Name = "Package / Case"; Value = "0603 (1608 Metric)"; VariantName = "[No Variations]"
Add component (AddParameter): Name = "Packaging"; Value = "TapeAndReel"; VariantName = "[No Variations]"
Add component (AddParameter): Name = "Part Number"; Value = "RNCS0603BKE100K"; VariantName = "[No Variations]"
Add component (AddParameter): Name = "Part Status"; Value = "Active"; VariantName = "[No Variations]"
Add component (AddParameter): Name = "PartId"; Value = "4849"; VariantName = "[No Variations]"
Add component (AddParameter): Name = "Power (Watts)"; Value = "0.063W, 1/16W"; VariantName = "[No Variations]"
Add component (AddParameter): Name = "Price"; Value = "0.06"; VariantName = "[No Variations]"
Add component (AddParameter): Name = "Ratings"; Value = "AEC-Q200"; VariantName = "[No Variations]"
Add component (AddParameter): Name = "Resistance"; Value = "100 kOhms"; VariantName = "[No Variations]"
Add component (AddParameter): Name = "Series"; Value = "RNCS"; VariantName = "[No Variations]"
Add component (AddParameter): Name = "Size / Dimension"; Value = "0.061" L x 0.031" W (1.55mm x 0.80mm)"; VariantName = "[No Variations]"
Add component (AddParameter): Name = "Supplier 1"; Value = "DigiKey"; VariantName = "[No Variations]"
Add component (AddParameter): Name = "Supplier Device Package"; Value = "0603"; VariantName = "[No Variations]"
Add component (AddParameter): Name = "Supplier Part Number 1"; Value = "RNCS0603BKE100KCT-ND"; VariantName = "[No Variations]"
Add component (AddParameter): Name = "Temperature Coefficient"; Value = "±25ppm/°C"; VariantName = "[No Variations]"
Add component (AddParameter): Name = "Tolerance"; Value = "±0.1%"; VariantName = "[No Variations]"
Add component (AddParameter): Name = "Value"; Value = "100 kOhms"; VariantName = "[No Variations]"
Added Pin To Net: NetName=GND Pin=BT?-N
Added Pin To Net: NetName=Vcc Pin=D1-2
Added Pin To Net: NetName=3V3 Pin=D?-2
Added Pin To Net: NetName=Vcc Pin=IC1-2
Added Pin To Net: NetName=GND Pin=R1-1
Added Pin To Net: NetName=NetBT1_P1 Pin=BT1-P1
Added Pin To Net: NetName=NetBT1_P1 Pin=BT1-P2
Added Net: Name=NetBT1_P1
Added Pin To Net: NetName=NetBT?_P1 Pin=BT?-P1
Added Pin To Net: NetName=NetBT?_P1 Pin=BT?-P2
Added Pin To Net: NetName=NetBT?_P1 Pin=D?-1
Added Net: Name=NetBT?_P1
Added Pin To Net: NetName=NetD1_1 Pin=D1-1
Added Pin To Net: NetName=NetD1_1 Pin=IC1-1
Added Pin To Net: NetName=NetD1_1 Pin=R1-2
Added Net: Name=NetD1_1
Added Pin To Net: NetName=NetIC1_3 Pin=IC1-3
Added Pin To Net: NetName=NetIC1_3 Pin=J1-1
Added Net: Name=NetIC1_3
Added Class: Name=Fuente de alimentación de entrada
Added Member To Class: ClassName=Regulador lineal 3V3 Member=Component BT? 3034TR
Added Member To Class: ClassName=RTU_B2_Block_Diagram Member=Component D1 BZX84W-C12F
Added Member To Class: ClassName=Regulador lineal 3V3 Member=Component D? STPS2L60A
Added Member To Class: ClassName=RTU_B2_Block_Diagram Member=Component IC1 IRLML9301TRPBF
Added Member To Class: ClassName=RTU_B2_Block_Diagram Member=Component R1 100 kOhms
