Removed Pin From Net: NetName=GND Pin=C50-1
Removed Pin From Net: NetName=3V3 Pin=C50-2
Removed Pin From Net: NetName=3V3 Pin=C51-1
Removed Pin From Net: NetName=GND Pin=C51-2
Removed Pin From Net: NetName=GND Pin=IC11-3
Removed Pin From Net: NetName=GND Pin=IC11-4
Removed Pin From Net: NetName=GND Pin=IC11-5
Removed Pin From Net: NetName=GND Pin=IC11-6
Removed Pin From Net: NetName=GND Pin=IC11-7
Removed Pin From Net: NetName=GND Pin=IC11-8
Removed Pin From Net: NetName=GND Pin=IC11-9
Removed Pin From Net: NetName=GND Pin=IC11-10
Removed Pin From Net: NetName=GND Pin=IC11-11
Removed Pin From Net: NetName=GND Pin=IC11-13
Removed Pin From Net: NetName=GND Pin=IC11-14
Removed Pin From Net: NetName=GND Pin=IC11-15
Removed Pin From Net: NetName=GND Pin=IC11-16
Removed Pin From Net: NetName=GND Pin=IC11-17
Removed Pin From Net: NetName=GND Pin=IC11-18
Removed Pin From Net: NetName=GND Pin=IC11-19
Removed Pin From Net: NetName=GND Pin=IC11-20
Removed Pin From Net: NetName=GND Pin=IC11-23
Removed Pin From Net: NetName=3V3 Pin=IC11-24
Removed Pin From Net: NetName=GND Pin=IC11-25
Removed Pin From Net: NetName=GND Pin=IC11-26
Removed Pin From Net: NetName=GND Pin=IC11-28
Removed Pin From Net: NetName=GND Pin=IC11-29
Removed Pin From Net: NetName=GND Pin=IC11-30
Removed Pin From Net: NetName=GND Pin=IC11-31
Removed Pin From Net: NetName=GND Pin=IC11-32
Removed Pin From Net: NetName=GND Pin=IC12-2
Removed Pin From Net: NetName=GND Pin=J1-3
Removed Pin From Net: NetName=LORA_RST Pin=Q2-1
Removed Pin From Net: NetName=3V3 Pin=Q2-2
Removed Pin From Net: NetName=3V3 Pin=R36-1
Removed Pin From Net: NetName=GND Pin=R37-2
Removed Pin From Net: NetName=3V3 Pin=R38-1
Removed Pin From Net: NetName=LORA_RST Pin=R38-2
Change Component Library : Designator=IC10 Old Library=Celestial Altium Library - altium_library.DbLib New Library=Altium Database Library V2.DbLib
Added Pin To Net: NetName=UART0_RX Pin=J13-5
Added Pin To Net: NetName=UART0_RX Pin=U2-34
Added Net: Name=UART0_RX
Added Pin To Net: NetName=UART0_TX Pin=J13-3
Added Pin To Net: NetName=UART0_TX Pin=U2-35
Added Net: Name=UART0_TX
Added Class: Name=Expansores de IO
Added Class: Name=RTU_B2_Block_Diagram
Added Class: Name=BR1_Nets
Added Class: Name=C1_Nets
Added Class: Name=C2_Nets
Added Class: Name=C3_Nets
Added Class: Name=C4_Nets
Added Class: Name=C5_Nets
Added Class: Name=C6_Nets
Added Class: Name=C7_Nets
Added Class: Name=C8_Nets
Added Class: Name=C9_Nets
Added Class: Name=C10_Nets
Added Class: Name=C11_Nets
Added Class: Name=C12_Nets
Added Class: Name=C13_Nets
Added Class: Name=C14_Nets
Added Class: Name=C15_Nets
Added Class: Name=C16_Nets
Added Class: Name=C17_Nets
Added Class: Name=C18_Nets
Added Class: Name=C19_Nets
Added Class: Name=C20_Nets
Added Class: Name=C21_Nets
Added Class: Name=C22_Nets
Added Class: Name=C23_Nets
Added Class: Name=C24_Nets
Added Class: Name=C25_Nets
Added Class: Name=C26_Nets
Added Class: Name=C27_Nets
Added Class: Name=C28_Nets
Added Class: Name=C29_Nets
Added Class: Name=C30_Nets
Added Class: Name=C31_Nets
Added Class: Name=C32_Nets
Added Class: Name=C33_Nets
Added Class: Name=C34_Nets
Added Class: Name=C35_Nets
Added Class: Name=C36_Nets
Added Class: Name=C37_Nets
Added Class: Name=C38_Nets
Added Class: Name=C39_Nets
Added Class: Name=C40_Nets
Added Class: Name=C41_Nets
Added Class: Name=C42_Nets
Added Class: Name=C43_Nets
Added Class: Name=C44_Nets
Added Class: Name=C45_Nets
Added Class: Name=C46_Nets
Added Class: Name=C47_Nets
Added Class: Name=C48_Nets
Added Class: Name=C49_Nets
Added Class: Name=C58_Nets
Added Class: Name=C59_Nets
Added Class: Name=D1_Nets
Added Class: Name=D2_Nets
Added Class: Name=D3_Nets
Added Class: Name=D5_Nets
Added Class: Name=D6_Nets
Added Class: Name=D7_Nets
Added Class: Name=F1_Nets
Added Class: Name=FB1_Nets
Added Class: Name=FL1_Nets
Added Class: Name=IC1_Nets
Added Class: Name=IC2_Nets
Added Class: Name=IC3_Nets
Added Class: Name=IC4_Nets
Added Class: Name=IC5_Nets
Added Class: Name=IC6_Nets
Added Class: Name=IC7_Nets
Added Class: Name=IC8_Nets
Added Class: Name=IC9_Nets
Added Class: Name=IC10_Nets
Added Class: Name=J2_Nets
Added Class: Name=J3_Nets
Added Class: Name=J4_Nets
Added Class: Name=J5_Nets
Added Class: Name=J6_Nets
Added Class: Name=J7_Nets
Added Class: Name=J8_Nets
Added Class: Name=J9_Nets
Added Class: Name=J10_Nets
Added Class: Name=J11_Nets
Added Class: Name=J12_Nets
Added Class: Name=J13_Nets
Added Class: Name=K1_Nets
Added Class: Name=L1_Nets
Added Class: Name=L2_Nets
Added Class: Name=L3_Nets
Added Class: Name=LED1_Nets
Added Class: Name=LED2_Nets
Added Class: Name=MOSFET1_Nets
Added Class: Name=MOSFET2_Nets
Added Class: Name=Q1_Nets
Added Class: Name=R1_Nets
Added Class: Name=R2_Nets
Added Class: Name=R3_Nets
Added Class: Name=R4_Nets
Added Class: Name=R5_Nets
Added Class: Name=R6_Nets
Added Class: Name=R7_Nets
Added Class: Name=R8_Nets
Added Class: Name=R9_Nets
Added Class: Name=R10_Nets
Added Class: Name=R11_Nets
Added Class: Name=R12_Nets
Added Class: Name=R13_Nets
Added Class: Name=R14_Nets
Added Class: Name=R15_Nets
Added Class: Name=R16_Nets
Added Class: Name=R17_Nets
Added Class: Name=R18_Nets
Added Class: Name=R19_Nets
Added Class: Name=R20_Nets
Added Class: Name=R21_Nets
Added Class: Name=R22_Nets
Added Class: Name=R23_Nets
Added Class: Name=R24_Nets
Added Class: Name=R25_Nets
Added Class: Name=R26_Nets
Added Class: Name=R27_Nets
Added Class: Name=R28_Nets
Added Class: Name=R29_Nets
Added Class: Name=R30_Nets
Added Class: Name=R31_Nets
Added Class: Name=R32_Nets
Added Class: Name=R33_Nets
Added Class: Name=R34_Nets
Added Class: Name=R35_Nets
Added Class: Name=S1_Nets
Added Class: Name=TP_3V3_Nets
Added Class: Name=TP_3V3A_Nets
Added Class: Name=TP_3V8_Nets
Added Class: Name=TP_6V_Nets
Added Class: Name=TP_12V_Nets
Added Class: Name=TP_GND1_Nets
Added Class: Name=TP_GND2_Nets
Added Class: Name=TP_GND3_Nets
Added Class: Name=TP_MRX_Nets
Added Class: Name=TP_MTX_Nets
Added Class: Name=TP_PWRKEY_Nets
Added Class: Name=TP_SCL_Nets
Added Class: Name=TP_SDA_Nets
Added Class: Name=TP_STATUS_Nets
Added Class: Name=TP_VIN_Nets
Added Class: Name=U1_Nets
Added Class: Name=U2_Nets
Added Class: Name=U3_Nets
Added Class: Name=U4_Nets
Added Class: Name=U5_Nets
Added Class: Name=U6_Nets
Added Class: Name=U7_Nets
Added Member To Class: ClassName=RS-485 Member=Component C46 1 µF
Added Member To Class: ClassName=Regulador lineal 5V Member=Component C47 1 µF
Added Member To Class: ClassName=Regulador lineal 5V Member=Component C48 1 µF
Added Member To Class: ClassName=Salidas digitales Member=Component C49 10 µF
Added Member To Class: ClassName=RS-485 Member=Component IC6 ST3485EBDR
Added Member To Class: ClassName=Entradas digitales Member=Component IC7 2N7002K
Added Member To Class: ClassName=Entradas digitales Member=Component IC8 2N7002K
Added Member To Class: ClassName=Fuente switching tipo Boost (12V - Entradas analógicas) Member=Component L1 10 uH
Added Member To Class: ClassName=Modem Member=Component R13 100 kOhms
Added Member To Class: ClassName=Modem Member=Component R14 10 kOhms
Added Member To Class: ClassName=Modem Member=Component R16 15 kOhms
Added Member To Class: ClassName=Modem Member=Component R18 22 Ohms
Added Member To Class: ClassName=Modem Member=Component R20 100 kOhms
Added Member To Class: ClassName=Fuente switching tipo Buck (6V) Member=Component R22 100 kOhms
Added Member To Class: ClassName=Fuente switching tipo Buck (6V) Member=Component R24 20 kOhms
Added Member To Class: ClassName=Fuente switching tipo Buck (6V) Member=Component R26 412 kOhms
Added Member To Class: ClassName=RS-485 Member=Component R28 22 Ohms
Added Member To Class: ClassName=Entradas digitales Member=Component R30 100 kOhms
Added Member To Class: ClassName=Entradas digitales Member=Component R31 100 kOhms
Added Member To Class: ClassName=Salidas digitales Member=Component R32 240 Ohms
Added Member To Class: ClassName=Fuente switching tipo Boost (12V - Entradas analógicas) Member=Component TP_12V RCWCTE
Added Member To Class: ClassName=Fuente regulada lineal (3V3 - Entradas analógicas) Member=Component TP_GND1 RCWCTE
Added Member To Class: ClassName=Fuente switching tipo Buck (6V) Member=Component TP_GND2 RCWCTE
Added Member To Class: ClassName=Rectificador tipo puente Member=Component TP_GND3 RCWCTE
Added Member To Class: ClassName=Modem Member=Component TP_MRX RCWCTE
Added Member To Class: ClassName=Modem Member=Component TP_MTX RCWCTE
Added Member To Class: ClassName=Microcontrolador Member=Component TP_SCL RCWCTE
Added Member To Class: ClassName=Microcontrolador Member=Component TP_SDA RCWCTE
Added Member To Class: ClassName=Rectificador tipo puente Member=Component TP_VIN RCWCTE
