Removed Pin From Net: NetName=GND Pin=C58-1
Removed Pin From Net: NetName=3V3 Pin=C58-2
Removed Pin From Net: NetName=GND Pin=C59-1
Removed Pin From Net: NetName=3V3 Pin=C59-2
Removed Pin From Net: NetName=3V3 Pin=U7-1
Removed Pin From Net: NetName=GND Pin=U7-2
Removed Pin From Net: NetName=GND Pin=U7-3
Removed Pin From Net: NetName=RED_LED Pin=U7-4
Removed Pin From Net: NetName=GREEN_LED Pin=U7-5
Removed Pin From Net: NetName=GND Pin=U7-6
Removed Pin From Net: NetName=GND Pin=U7-7
Removed Pin From Net: NetName=GND Pin=U7-8
Removed Pin From Net: NetName=GND Pin=U7-9
Removed Pin From Net: NetName=GND Pin=U7-10
Removed Pin From Net: NetName=GND Pin=U7-11
Removed Pin From Net: NetName=GND Pin=U7-12
Removed Pin From Net: NetName=SCL Pin=U7-14
Removed Pin From Net: NetName=SDA Pin=U7-15
Removed Pin From Net: NetName=3V3 Pin=U7-16
Removed Member From Class: ClassName=Expansores de IO Member=C58
Removed Member From Class: ClassName=Expansores de IO Member=C59
Removed Member From Class: ClassName=Expansores de IO Member=U7
Added Pin To Net: NetName=RED_LED Pin=U3-4
Added Pin To Net: NetName=GREEN_LED Pin=U3-5
