Removed Pin From Net: NetName=6V Pin=C6-1
Removed Pin From Net: NetName=6V Pin=C8-1
Removed Pin From Net: NetName=6V Pin=IC3-3
Removed Pin From Net: NetName=6V Pin=U1-3
Change Component Description : Designator=BT2 Old Description=Coin Cell Retainer; Holder; SMT;20mm Cell; Nickel Plate; Tape & Reel New Description=Coin Cell Retainer; Holder; SMT;20mm Cell; Nickel Plate; Tape & Reel | Keystone Electronics 3034TR
Added Component: Designator=IC2(INFINEON SOT-23-3)
Add component (AddParameter): Name = "ComponentLink1Description"; Value = "Datasheet"; VariantName = "[No Variations]"
Add component (AddParameter): Name = "ComponentLink1URL"; Value = "https://www.infineon.com/dgdl/irlml9301pbf.pdf?fileId=5546d462533600a401535668e5e42640"; VariantName = "[No Variations]"
Add component (AddParameter): Name = "ComponentLink2Description"; Value = "DigiKey Link"; VariantName = "[No Variations]"
Add component (AddParameter): Name = "ComponentLink2URL"; Value = "https://www.digikey.com/en/products/detail/infineon-technologies/IRLML9301TRPBF/2354146"; VariantName = "[No Variations]"
Add component (AddParameter): Name = "Current - Continuous Drain (Id) @ 25°C"; Value = "3.6A (Ta)"; VariantName = "[No Variations]"
Add component (AddParameter): Name = "Drain to Source Voltage (Vdss)"; Value = "30 V"; VariantName = "[No Variations]"
Add component (AddParameter): Name = "Drive Voltage (Max Rds On,  Min Rds On)"; Value = "4.5V, 10V"; VariantName = "[No Variations]"
Add component (AddParameter): Name = "FET Type"; Value = "P-Channel"; VariantName = "[No Variations]"
Add component (AddParameter): Name = "Gate Charge (Qg) (Max) @ Vgs"; Value = "4.8 nC @ 4.5 V"; VariantName = "[No Variations]"
Add component (AddParameter): Name = "Input Capacitance (Ciss) (Max) @ Vds"; Value = "388 pF @ 25 V"; VariantName = "[No Variations]"
Add component (AddParameter): Name = "LastUpdated"; Value = "3/6/2024 20:15:24"; VariantName = "[No Variations]"
Add component (AddParameter): Name = "Lifecycle Status"; Value = "Active"; VariantName = "[No Variations]"
Add component (AddParameter): Name = "Manufacturer"; Value = "Infineon Technologies"; VariantName = "[No Variations]"
Add component (AddParameter): Name = "Minimum Order"; Value = "1"; VariantName = "[No Variations]"
Add component (AddParameter): Name = "Mounting Type"; Value = "Surface Mount"; VariantName = "[No Variations]"
Add component (AddParameter): Name = "Operating Temperature"; Value = "-55°C ~ 150°C (TJ)"; VariantName = "[No Variations]"
Add component (AddParameter): Name = "Package / Case"; Value = "TO-236-3, SC-59, SOT-23-3"; VariantName = "[No Variations]"
Add component (AddParameter): Name = "Packaging"; Value = "TapeAndReel"; VariantName = "[No Variations]"
Add component (AddParameter): Name = "Part Number"; Value = "IRLML9301TRPBF"; VariantName = "[No Variations]"
Add component (AddParameter): Name = "Part Status"; Value = "Active"; VariantName = "[No Variations]"
Add component (AddParameter): Name = "Power Dissipation (Max)"; Value = "1.3W (Ta)"; VariantName = "[No Variations]"
Add component (AddParameter): Name = "Price"; Value = "0.09"; VariantName = "[No Variations]"
Add component (AddParameter): Name = "Rds On (Max) @ Id, Vgs"; Value = "64mOhm @ 3.6A, 10V"; VariantName = "[No Variations]"
Add component (AddParameter): Name = "Series"; Value = "HEXFET®"; VariantName = "[No Variations]"
Add component (AddParameter): Name = "Supplier 1"; Value = "DigiKey"; VariantName = "[No Variations]"
Add component (AddParameter): Name = "Supplier Device Package"; Value = "Micro3™/SOT-23"; VariantName = "[No Variations]"
Add component (AddParameter): Name = "Supplier Part Number 1"; Value = "IRLML9301TRPBFCT-ND"; VariantName = "[No Variations]"
Add component (AddParameter): Name = "Technology"; Value = "MOSFET (Metal Oxide)"; VariantName = "[No Variations]"
Add component (AddParameter): Name = "Vgs (Max)"; Value = "±20V"; VariantName = "[No Variations]"
Add component (AddParameter): Name = "Vgs(th) (Max) @ Id"; Value = "2.4V @ 10µA"; VariantName = "[No Variations]"
Added Pin To Net: NetName=GND Pin=IC2-1
Added Pin To Net: NetName=6V Pin=IC2-3
Added Class: Name=Fuente de alimentación de entrada
Added Member To Class: ClassName=Microcontrolador Member=Component D8 WL-TMRC_5MM
Added Room: Name=Expansores de IO
Added Room: Name=Fuente de alimentación de entrada
Added Room: Name=Fuente switching tipo Buck (6V)
Added Room: Name=Microcontrolador
Added Room: Name=Modem
Added Room: Name=Regulador lineal 3V3
Added Room: Name=Regulador lineal 3V8
Added Room: Name=RS-485
Added Room: Name=RTU_B2_Block_Diagram
