Removed Pin From Net: NetName=Vcc Pin=C45-1
Removed Pin From Net: NetName=GND Pin=C45-2
Removed Member From Class: ClassName=Rectificador tipo puente Member=C45
Added Component: Designator=C1(CAP TH ALUM ELEC D12.50mm S5.00mm H22.00mm)
Add component (AddParameter): Name = "Applications"; Value = "General Purpose"; VariantName = "[No Variations]"
Add component (AddParameter): Name = "Capacitance"; Value = "470µF"; VariantName = "[No Variations]"
Add component (AddParameter): Name = "componentlink1description"; Value = "Datasheet"; VariantName = "[No Variations]"
Add component (AddParameter): Name = "componentlink1url"; Value = "https://industrial.panasonic.com/cdbs/www-data/pdf/RDF0000/ABA0000C1018.pdf"; VariantName = "[No Variations]"
Add component (AddParameter): Name = "componentlink2description"; Value = "DigiKey Link"; VariantName = "[No Variations]"
Add component (AddParameter): Name = "componentlink2url"; Value = "http://digikey.com/product-detail/en/panasonic-electronic-components/EEU-FM1H471/P12400-ND/613761"; VariantName = "[No Variations]"
Add component (AddParameter): Name = "Device Package"; Value = "Radial, Can"; VariantName = "[No Variations]"
Add component (AddParameter): Name = "Height - Seated (Max)"; Value = "0.866" (22.00mm)"; VariantName = "[No Variations]"
Add component (AddParameter): Name = "Impedance"; Value = "22 mOhms"; VariantName = "[No Variations]"
Add component (AddParameter): Name = "lastupdated"; Value = "2/9/2020 01:32:06"; VariantName = "[No Variations]"
Add component (AddParameter): Name = "Lead Spacing"; Value = "0.197" (5.00mm)"; VariantName = "[No Variations]"
Add component (AddParameter): Name = "Lifecycle Status"; Value = "Active"; VariantName = "[No Variations]"
Add component (AddParameter): Name = "Lifetime @ Temp."; Value = "5000 Hrs @ 105°C"; VariantName = "[No Variations]"
Add component (AddParameter): Name = "manufacturer"; Value = "Panasonic Electronic Components"; VariantName = "[No Variations]"
Add component (AddParameter): Name = "Minimum Order"; Value = "1"; VariantName = "[No Variations]"
Add component (AddParameter): Name = "Mounting Type"; Value = "Through Hole"; VariantName = "[No Variations]"
Add component (AddParameter): Name = "Operating Temperature"; Value = "-40°C ~ 105°C"; VariantName = "[No Variations]"
Add component (AddParameter): Name = "Package / Case"; Value = "Radial, Can"; VariantName = "[No Variations]"
Add component (AddParameter): Name = "packaging"; Value = "Bulk"; VariantName = "[No Variations]"
Add component (AddParameter): Name = "Part Number"; Value = "EEU-FM1H471"; VariantName = "[No Variations]"
Add component (AddParameter): Name = "Part Status"; Value = "Active"; VariantName = "[No Variations]"
Add component (AddParameter): Name = "partid"; Value = "14611"; VariantName = "[No Variations]"
Add component (AddParameter): Name = "Polarization"; Value = "Polar"; VariantName = "[No Variations]"
Add component (AddParameter): Name = "price"; Value = "0.85"; VariantName = "[No Variations]"
Add component (AddParameter): Name = "Ripple Current @ High Frequency"; Value = "2.26A @ 100kHz"; VariantName = "[No Variations]"
Add component (AddParameter): Name = "Ripple Current @ Low Frequency"; Value = "1.695A @ 120Hz"; VariantName = "[No Variations]"
Add component (AddParameter): Name = "series"; Value = "FM"; VariantName = "[No Variations]"
Add component (AddParameter): Name = "Size / Dimension"; Value = "0.492" Dia (12.50mm)"; VariantName = "[No Variations]"
Add component (AddParameter): Name = "Supplier 1"; Value = "DigiKey"; VariantName = "[No Variations]"
Add component (AddParameter): Name = "Supplier Part Number 1"; Value = "P12400-ND"; VariantName = "[No Variations]"
Add component (AddParameter): Name = "Tolerance"; Value = "±20%"; VariantName = "[No Variations]"
Add component (AddParameter): Name = "value"; Value = "470µF"; VariantName = "[No Variations]"
Add component (AddParameter): Name = "Voltage - Rated"; Value = "50V"; VariantName = "[No Variations]"
Added Component: Designator=C2(CAP TH ALUM ELEC D12.50mm S5.00mm H22.00mm)
Add component (AddParameter): Name = "Applications"; Value = "General Purpose"; VariantName = "[No Variations]"
Add component (AddParameter): Name = "Capacitance"; Value = "470µF"; VariantName = "[No Variations]"
Add component (AddParameter): Name = "componentlink1description"; Value = "Datasheet"; VariantName = "[No Variations]"
Add component (AddParameter): Name = "componentlink1url"; Value = "https://industrial.panasonic.com/cdbs/www-data/pdf/RDF0000/ABA0000C1018.pdf"; VariantName = "[No Variations]"
Add component (AddParameter): Name = "componentlink2description"; Value = "DigiKey Link"; VariantName = "[No Variations]"
Add component (AddParameter): Name = "componentlink2url"; Value = "http://digikey.com/product-detail/en/panasonic-electronic-components/EEU-FM1H471/P12400-ND/613761"; VariantName = "[No Variations]"
Add component (AddParameter): Name = "Device Package"; Value = "Radial, Can"; VariantName = "[No Variations]"
Add component (AddParameter): Name = "Height - Seated (Max)"; Value = "0.866" (22.00mm)"; VariantName = "[No Variations]"
Add component (AddParameter): Name = "Impedance"; Value = "22 mOhms"; VariantName = "[No Variations]"
Add component (AddParameter): Name = "lastupdated"; Value = "2/9/2020 01:32:06"; VariantName = "[No Variations]"
Add component (AddParameter): Name = "Lead Spacing"; Value = "0.197" (5.00mm)"; VariantName = "[No Variations]"
Add component (AddParameter): Name = "Lifecycle Status"; Value = "Active"; VariantName = "[No Variations]"
Add component (AddParameter): Name = "Lifetime @ Temp."; Value = "5000 Hrs @ 105°C"; VariantName = "[No Variations]"
Add component (AddParameter): Name = "manufacturer"; Value = "Panasonic Electronic Components"; VariantName = "[No Variations]"
Add component (AddParameter): Name = "Minimum Order"; Value = "1"; VariantName = "[No Variations]"
Add component (AddParameter): Name = "Mounting Type"; Value = "Through Hole"; VariantName = "[No Variations]"
Add component (AddParameter): Name = "Operating Temperature"; Value = "-40°C ~ 105°C"; VariantName = "[No Variations]"
Add component (AddParameter): Name = "Package / Case"; Value = "Radial, Can"; VariantName = "[No Variations]"
Add component (AddParameter): Name = "packaging"; Value = "Bulk"; VariantName = "[No Variations]"
Add component (AddParameter): Name = "Part Number"; Value = "EEU-FM1H471"; VariantName = "[No Variations]"
Add component (AddParameter): Name = "Part Status"; Value = "Active"; VariantName = "[No Variations]"
Add component (AddParameter): Name = "partid"; Value = "14611"; VariantName = "[No Variations]"
Add component (AddParameter): Name = "Polarization"; Value = "Polar"; VariantName = "[No Variations]"
Add component (AddParameter): Name = "price"; Value = "0.85"; VariantName = "[No Variations]"
Add component (AddParameter): Name = "Ripple Current @ High Frequency"; Value = "2.26A @ 100kHz"; VariantName = "[No Variations]"
Add component (AddParameter): Name = "Ripple Current @ Low Frequency"; Value = "1.695A @ 120Hz"; VariantName = "[No Variations]"
Add component (AddParameter): Name = "series"; Value = "FM"; VariantName = "[No Variations]"
Add component (AddParameter): Name = "Size / Dimension"; Value = "0.492" Dia (12.50mm)"; VariantName = "[No Variations]"
Add component (AddParameter): Name = "Supplier 1"; Value = "DigiKey"; VariantName = "[No Variations]"
Add component (AddParameter): Name = "Supplier Part Number 1"; Value = "P12400-ND"; VariantName = "[No Variations]"
Add component (AddParameter): Name = "Tolerance"; Value = "±20%"; VariantName = "[No Variations]"
Add component (AddParameter): Name = "value"; Value = "470µF"; VariantName = "[No Variations]"
Add component (AddParameter): Name = "Voltage - Rated"; Value = "50V"; VariantName = "[No Variations]"
Added Pin To Net: NetName=Vcc Pin=C1-1
Added Pin To Net: NetName=GND Pin=C1-2
Added Pin To Net: NetName=Vcc Pin=C2-1
Added Pin To Net: NetName=GND Pin=C2-2
Added Member To Class: ClassName=Rectificador tipo puente Member=Component C1 470µF
Added Member To Class: ClassName=Rectificador tipo puente Member=Component C2 470µF
