Removed Pin From Net: NetName=VBat Pin=SW1-1
Removed Pin From Net: NetName=NetBT1_POS Pin=SW1-2
Removed Member From Class: ClassName=RTU_B2_Block_Diagram Member=SW1
Change component parameters: Designator = "BT1" ("BT1"); Footprint = "BAT_BS-3"; UniqueID = "\CSEJCVQM" ("\CSEJCVQM")
Change component parameters (AddParameter): Name = "Availability"; Value = "Warning"; VariantName = "[No Variations]"
Change component parameters (AddParameter): Name = "ComponentLink1Description"; Value = "New link"; VariantName = "[No Variations]"
Change component parameters (AddParameter): Name = "ComponentLink1URL"; Value = "https://www.digikey.com/en/products/detail/mpd-memory-protection-devices/BS-3/275305"; VariantName = "[No Variations]"
Change component parameters (AddParameter): Name = "MF"; Value = "MPD (Memory"; VariantName = "[No Variations]"
Change component parameters (AddParameter): Name = "MP"; Value = "BS-3"; VariantName = "[No Variations]"
Change component parameters (AddParameter): Name = "Package"; Value = "None"; VariantName = "[No Variations]"
Change component parameters (AddParameter): Name = "Price"; Value = "None"; VariantName = "[No Variations]"
Change component parameters (AddParameter): Name = "SnapEDA_Link"; Value = "https://www.snapeda.com/parts/BS-3/Memory%20Protection%20Devices/view-part/2280959/?ref=snap"; VariantName = "[No Variations]"
Change component parameters (AddParameter): Name = "Value"; Value = ""; VariantName = "[No Variations]"
Added Component: Designator=J7(AMPHENOL_68001-203HLF)
Add component (AddParameter): Name = "Availability"; Value = "In Stock"; VariantName = "[No Variations]"
Add component (AddParameter): Name = "Check_prices"; Value = "https://www.snapeda.com/parts/68001-203HLF/Amphenol+FCI/view-part/?ref=eda"; VariantName = "[No Variations]"
Add component (AddParameter): Name = "MF"; Value = "Amphenol ICC"; VariantName = "[No Variations]"
Add component (AddParameter): Name = "MP"; Value = "68001-203HLF"; VariantName = "[No Variations]"
Add component (AddParameter): Name = "Package"; Value = "None"; VariantName = "[No Variations]"
Add component (AddParameter): Name = "Price"; Value = "None"; VariantName = "[No Variations]"
Add component (AddParameter): Name = "Purchase-URL"; Value = "https://pricing.snapeda.com/search?q=68001-203HLF&ref=eda"; VariantName = "[No Variations]"
Add component (AddParameter): Name = "SnapEDA_Link"; Value = "https://www.snapeda.com/parts/68001-203HLF/Amphenol+FCI/view-part/?ref=snap"; VariantName = "[No Variations]"
Add component (AddParameter): Name = "Value"; Value = ""; VariantName = "[No Variations]"
Added Pin To Net: NetName=VBat Pin=J7-01
Added Pin To Net: NetName=NetBT1_POS Pin=J7-02
Added Member To Class: ClassName=RTU_B2_Block_Diagram Member=Component J7 68001-203HLF
